<?xml version="1.0" encoding="UTF-8"?>
<coverage generated="1683284478883" clover="3.2.0">
  <project timestamp="1683284478884" name="All files">
    <metrics statements="15" coveredstatements="10" conditionals="12" coveredconditionals="5" methods="5" coveredmethods="3" elements="32" coveredelements="18" complexity="0" loc="15" ncloc="15" packages="2" files="3" classes="3"/>
    <package name="components.atoms">
      <metrics statements="11" coveredstatements="6" conditionals="12" coveredconditionals="5" methods="4" coveredmethods="2"/>
      <file name="Box.js" path="C:\Users\susghosh\Documents\ReactNative\pokedex\src\components\atoms\Box.js">
        <metrics statements="11" coveredstatements="6" conditionals="12" coveredconditionals="5" methods="4" coveredmethods="2"/>
        <line num="7" count="1" type="stmt"/>
        <line num="9" count="1" type="stmt"/>
        <line num="11" count="1" type="stmt"/>
        <line num="12" count="0" type="stmt"/>
        <line num="13" count="0" type="stmt"/>
        <line num="14" count="0" type="cond" truecount="0" falsecount="2"/>
        <line num="16" count="0" type="stmt"/>
        <line num="25" count="1" type="stmt"/>
        <line num="29" count="1" type="stmt"/>
        <line num="44" count="0" type="stmt"/>
        <line num="61" count="1" type="stmt"/>
      </file>
    </package>
    <package name="utils">
      <metrics statements="4" coveredstatements="4" conditionals="0" coveredconditionals="0" methods="1" coveredmethods="1"/>
      <file name="constants.js" path="C:\Users\susghosh\Documents\ReactNative\pokedex\src\utils\constants.js">
        <metrics statements="3" coveredstatements="3" conditionals="0" coveredconditionals="0" methods="0" coveredmethods="0"/>
        <line num="1" count="1" type="stmt"/>
        <line num="3" count="1" type="stmt"/>
        <line num="29" count="1" type="stmt"/>
      </file>
      <file name="getColorByPokemonType.js" path="C:\Users\susghosh\Documents\ReactNative\pokedex\src\utils\getColorByPokemonType.js">
        <metrics statements="1" coveredstatements="1" conditionals="0" coveredconditionals="0" methods="1" coveredmethods="1"/>
        <line num="3" count="1" type="stmt"/>
      </file>
    </package>
  </project>
</coverage>
