{"C:\\Users\\susghosh\\Documents\\ReactNative\\pokedex\\src\\components\\atoms\\Box.js": {"path":"C:\\Users\\susghosh\\Documents\\ReactNative\\pokedex\\src\\components\\atoms\\Box.js","statementMap":{"0":{"start":{"line":7,"column":51},"end":{"line":7,"column":56}},"1":{"start":{"line":9,"column":32},"end":{"line":9,"column":47}},"2":{"start":{"line":11,"column":26},"end":{"line":18,"column":3}},"3":{"start":{"line":12,"column":4},"end":{"line":12,"column":21}},"4":{"start":{"line":13,"column":4},"end":{"line":13,"column":22}},"5":{"start":{"line":14,"column":4},"end":{"line":17,"column":5}},"6":{"start":{"line":16,"column":6},"end":{"line":16,"column":26}},"7":{"start":{"line":25,"column":2},"end":{"line":58,"column":4}},"8":{"start":{"line":29,"column":10},"end":{"line":55,"column":17}},"9":{"start":{"line":44,"column":31},"end":{"line":44,"column":52}},"10":{"start":{"line":61,"column":15},"end":{"line":83,"column":2}}},"fnMap":{"0":{"name":"Box","decl":{"start":{"line":6,"column":24},"end":{"line":6,"column":27}},"loc":{"start":{"line":6,"column":35},"end":{"line":59,"column":1}},"line":6},"1":{"name":"(anonymous_1)","decl":{"start":{"line":11,"column":26},"end":{"line":11,"column":27}},"loc":{"start":{"line":11,"column":36},"end":{"line":18,"column":3}},"line":11},"2":{"name":"(anonymous_2)","decl":{"start":{"line":28,"column":17},"end":{"line":28,"column":18}},"loc":{"start":{"line":29,"column":10},"end":{"line":55,"column":17}},"line":29},"3":{"name":"(anonymous_3)","decl":{"start":{"line":44,"column":25},"end":{"line":44,"column":26}},"loc":{"start":{"line":44,"column":31},"end":{"line":44,"column":52}},"line":44}},"branchMap":{"0":{"loc":{"start":{"line":14,"column":4},"end":{"line":17,"column":5}},"type":"if","locations":[{"start":{"line":14,"column":4},"end":{"line":17,"column":5}},{"start":{},"end":{}}],"line":14},"1":{"loc":{"start":{"line":27,"column":7},"end":{"line":56,"column":10}},"type":"binary-expr","locations":[{"start":{"line":27,"column":7},"end":{"line":27,"column":11}},{"start":{"line":28,"column":8},"end":{"line":56,"column":10}}],"line":27},"2":{"loc":{"start":{"line":34,"column":16},"end":{"line":34,"column":52}},"type":"cond-expr","locations":[{"start":{"line":34,"column":26},"end":{"line":34,"column":40}},{"start":{"line":34,"column":43},"end":{"line":34,"column":52}}],"line":34},"3":{"loc":{"start":{"line":38,"column":13},"end":{"line":54,"column":13}},"type":"cond-expr","locations":[{"start":{"line":39,"column":14},"end":{"line":49,"column":33}},{"start":{"line":51,"column":14},"end":{"line":53,"column":21}}],"line":38},"4":{"loc":{"start":{"line":47,"column":30},"end":{"line":47,"column":66}},"type":"cond-expr","locations":[{"start":{"line":47,"column":40},"end":{"line":47,"column":54}},{"start":{"line":47,"column":57},"end":{"line":47,"column":66}}],"line":47},"5":{"loc":{"start":{"line":52,"column":28},"end":{"line":52,"column":64}},"type":"cond-expr","locations":[{"start":{"line":52,"column":38},"end":{"line":52,"column":52}},{"start":{"line":52,"column":55},"end":{"line":52,"column":64}}],"line":52}},"s":{"0":1,"1":1,"2":1,"3":0,"4":0,"5":0,"6":0,"7":1,"8":1,"9":0,"10":1},"f":{"0":1,"1":0,"2":1,"3":0},"b":{"0":[0,0],"1":[1,1],"2":[1,0],"3":[0,1],"4":[0,0],"5":[1,0]},"_coverageSchema":"1a1c01bbd47fc00a2c39e90264f33305004495a9","hash":"b3fb53b3b0ab61ea239f9c6595aa9da61304d024"}
,"C:\\Users\\susghosh\\Documents\\ReactNative\\pokedex\\src\\utils\\constants.js": {"path":"C:\\Users\\susghosh\\Documents\\ReactNative\\pokedex\\src\\utils\\constants.js","statementMap":{"0":{"start":{"line":1,"column":24},"end":{"line":1,"column":51}},"1":{"start":{"line":3,"column":35},"end":{"line":27,"column":1}},"2":{"start":{"line":29,"column":28},"end":{"line":110,"column":1}}},"fnMap":{},"branchMap":{},"s":{"0":1,"1":1,"2":1},"f":{},"b":{},"_coverageSchema":"1a1c01bbd47fc00a2c39e90264f33305004495a9","hash":"83bc7a99cef380056a9b20f12c4606e4ea2c6f14"}
,"C:\\Users\\susghosh\\Documents\\ReactNative\\pokedex\\src\\utils\\getColorByPokemonType.js": {"path":"C:\\Users\\susghosh\\Documents\\ReactNative\\pokedex\\src\\utils\\getColorByPokemonType.js","statementMap":{"0":{"start":{"line":3,"column":30},"end":{"line":3,"column":79}},"1":{"start":{"line":3,"column":40},"end":{"line":3,"column":79}}},"fnMap":{"0":{"name":"(anonymous_0)","decl":{"start":{"line":3,"column":30},"end":{"line":3,"column":31}},"loc":{"start":{"line":3,"column":40},"end":{"line":3,"column":79}},"line":3}},"branchMap":{},"s":{"0":1,"1":1},"f":{"0":1},"b":{},"_coverageSchema":"1a1c01bbd47fc00a2c39e90264f33305004495a9","hash":"bef0ad224dafef4d5780600482c3ed6406d5c934"}
}
