{"C:\\Users\\susghosh\\Documents\\ReactNative\\pokedex\\assets\\official-artwork\\1.png": {"path":"C:\\Users\\susghosh\\Documents\\ReactNative\\pokedex\\assets\\official-artwork\\1.png","statementMap":{"0":{"start":{"line":1,"column":0},"end":{"line":4,"column":6}}},"fnMap":{},"branchMap":{},"s":{"0":1},"f":{},"b":{},"_coverageSchema":"1a1c01bbd47fc00a2c39e90264f33305004495a9","hash":"f2f3d2ac21ce92ae5ebc68bb3a758789294755ba"}
,"C:\\Users\\susghosh\\Documents\\ReactNative\\pokedex\\assets\\official-artwork\\10.png": {"path":"C:\\Users\\susghosh\\Documents\\ReactNative\\pokedex\\assets\\official-artwork\\10.png","statementMap":{"0":{"start":{"line":1,"column":0},"end":{"line":4,"column":6}}},"fnMap":{},"branchMap":{},"s":{"0":1},"f":{},"b":{},"_coverageSchema":"1a1c01bbd47fc00a2c39e90264f33305004495a9","hash":"9107812e227acde5d2fc92a80e852ec21e49967c"}
,"C:\\Users\\susghosh\\Documents\\ReactNative\\pokedex\\assets\\official-artwork\\100.png": {"path":"C:\\Users\\susghosh\\Documents\\ReactNative\\pokedex\\assets\\official-artwork\\100.png","statementMap":{"0":{"start":{"line":1,"column":0},"end":{"line":4,"column":6}}},"fnMap":{},"branchMap":{},"s":{"0":1},"f":{},"b":{},"_coverageSchema":"1a1c01bbd47fc00a2c39e90264f33305004495a9","hash":"6681d5062bfd4949f0d607fa68880ca6a1543eac"}
,"C:\\Users\\susghosh\\Documents\\ReactNative\\pokedex\\assets\\official-artwork\\101.png": {"path":"C:\\Users\\susghosh\\Documents\\ReactNative\\pokedex\\assets\\official-artwork\\101.png","statementMap":{"0":{"start":{"line":1,"column":0},"end":{"line":4,"column":6}}},"fnMap":{},"branchMap":{},"s":{"0":1},"f":{},"b":{},"_coverageSchema":"1a1c01bbd47fc00a2c39e90264f33305004495a9","hash":"947091dfab8840740b6c27fc4cd8e2261721b05d"}
,"C:\\Users\\susghosh\\Documents\\ReactNative\\pokedex\\assets\\official-artwork\\102.png": {"path":"C:\\Users\\susghosh\\Documents\\ReactNative\\pokedex\\assets\\official-artwork\\102.png","statementMap":{"0":{"start":{"line":1,"column":0},"end":{"line":4,"column":6}}},"fnMap":{},"branchMap":{},"s":{"0":1},"f":{},"b":{},"_coverageSchema":"1a1c01bbd47fc00a2c39e90264f33305004495a9","hash":"c53b3676a0f8bc0f44dc152b2686da9f5e00b117"}
,"C:\\Users\\susghosh\\Documents\\ReactNative\\pokedex\\assets\\official-artwork\\103.png": {"path":"C:\\Users\\susghosh\\Documents\\ReactNative\\pokedex\\assets\\official-artwork\\103.png","statementMap":{"0":{"start":{"line":1,"column":0},"end":{"line":4,"column":6}}},"fnMap":{},"branchMap":{},"s":{"0":1},"f":{},"b":{},"_coverageSchema":"1a1c01bbd47fc00a2c39e90264f33305004495a9","hash":"20be6719a6ce961a3da9fd69416be407e2222ff4"}
,"C:\\Users\\susghosh\\Documents\\ReactNative\\pokedex\\assets\\official-artwork\\104.png": {"path":"C:\\Users\\susghosh\\Documents\\ReactNative\\pokedex\\assets\\official-artwork\\104.png","statementMap":{"0":{"start":{"line":1,"column":0},"end":{"line":4,"column":6}}},"fnMap":{},"branchMap":{},"s":{"0":1},"f":{},"b":{},"_coverageSchema":"1a1c01bbd47fc00a2c39e90264f33305004495a9","hash":"a0069da22bba6398c013550f3d0b336970ef92f0"}
,"C:\\Users\\susghosh\\Documents\\ReactNative\\pokedex\\assets\\official-artwork\\105.png": {"path":"C:\\Users\\susghosh\\Documents\\ReactNative\\pokedex\\assets\\official-artwork\\105.png","statementMap":{"0":{"start":{"line":1,"column":0},"end":{"line":4,"column":6}}},"fnMap":{},"branchMap":{},"s":{"0":1},"f":{},"b":{},"_coverageSchema":"1a1c01bbd47fc00a2c39e90264f33305004495a9","hash":"463190ae3d8d119dbb6e5a185f1d8309b7b02496"}
,"C:\\Users\\susghosh\\Documents\\ReactNative\\pokedex\\assets\\official-artwork\\106.png": {"path":"C:\\Users\\susghosh\\Documents\\ReactNative\\pokedex\\assets\\official-artwork\\106.png","statementMap":{"0":{"start":{"line":1,"column":0},"end":{"line":4,"column":6}}},"fnMap":{},"branchMap":{},"s":{"0":1},"f":{},"b":{},"_coverageSchema":"1a1c01bbd47fc00a2c39e90264f33305004495a9","hash":"f3aa98f82fde92147d950b48bd28aaff62b6aa77"}
,"C:\\Users\\susghosh\\Documents\\ReactNative\\pokedex\\assets\\official-artwork\\107.png": {"path":"C:\\Users\\susghosh\\Documents\\ReactNative\\pokedex\\assets\\official-artwork\\107.png","statementMap":{"0":{"start":{"line":1,"column":0},"end":{"line":4,"column":6}}},"fnMap":{},"branchMap":{},"s":{"0":1},"f":{},"b":{},"_coverageSchema":"1a1c01bbd47fc00a2c39e90264f33305004495a9","hash":"317545b73b384ece8e3cefbadaa088c8c8ee2895"}
,"C:\\Users\\susghosh\\Documents\\ReactNative\\pokedex\\assets\\official-artwork\\108.png": {"path":"C:\\Users\\susghosh\\Documents\\ReactNative\\pokedex\\assets\\official-artwork\\108.png","statementMap":{"0":{"start":{"line":1,"column":0},"end":{"line":4,"column":6}}},"fnMap":{},"branchMap":{},"s":{"0":1},"f":{},"b":{},"_coverageSchema":"1a1c01bbd47fc00a2c39e90264f33305004495a9","hash":"4f33c4bad1076a4801d2bc599958b74103c8e621"}
,"C:\\Users\\susghosh\\Documents\\ReactNative\\pokedex\\assets\\official-artwork\\109.png": {"path":"C:\\Users\\susghosh\\Documents\\ReactNative\\pokedex\\assets\\official-artwork\\109.png","statementMap":{"0":{"start":{"line":1,"column":0},"end":{"line":4,"column":6}}},"fnMap":{},"branchMap":{},"s":{"0":1},"f":{},"b":{},"_coverageSchema":"1a1c01bbd47fc00a2c39e90264f33305004495a9","hash":"aa372fe7dcc3c52158dad1bcfb5fddda694eafd1"}
,"C:\\Users\\susghosh\\Documents\\ReactNative\\pokedex\\assets\\official-artwork\\11.png": {"path":"C:\\Users\\susghosh\\Documents\\ReactNative\\pokedex\\assets\\official-artwork\\11.png","statementMap":{"0":{"start":{"line":1,"column":0},"end":{"line":4,"column":6}}},"fnMap":{},"branchMap":{},"s":{"0":1},"f":{},"b":{},"_coverageSchema":"1a1c01bbd47fc00a2c39e90264f33305004495a9","hash":"febd2df786943c12b4d77695b56d28d524b6cb06"}
,"C:\\Users\\susghosh\\Documents\\ReactNative\\pokedex\\assets\\official-artwork\\110.png": {"path":"C:\\Users\\susghosh\\Documents\\ReactNative\\pokedex\\assets\\official-artwork\\110.png","statementMap":{"0":{"start":{"line":1,"column":0},"end":{"line":4,"column":6}}},"fnMap":{},"branchMap":{},"s":{"0":1},"f":{},"b":{},"_coverageSchema":"1a1c01bbd47fc00a2c39e90264f33305004495a9","hash":"46100e4a315222092f1412d39ceb6385f6312495"}
,"C:\\Users\\susghosh\\Documents\\ReactNative\\pokedex\\assets\\official-artwork\\111.png": {"path":"C:\\Users\\susghosh\\Documents\\ReactNative\\pokedex\\assets\\official-artwork\\111.png","statementMap":{"0":{"start":{"line":1,"column":0},"end":{"line":4,"column":6}}},"fnMap":{},"branchMap":{},"s":{"0":1},"f":{},"b":{},"_coverageSchema":"1a1c01bbd47fc00a2c39e90264f33305004495a9","hash":"a1ba98c3ced2549e25cab5314c6b2e2f799ca771"}
,"C:\\Users\\susghosh\\Documents\\ReactNative\\pokedex\\assets\\official-artwork\\112.png": {"path":"C:\\Users\\susghosh\\Documents\\ReactNative\\pokedex\\assets\\official-artwork\\112.png","statementMap":{"0":{"start":{"line":1,"column":0},"end":{"line":4,"column":6}}},"fnMap":{},"branchMap":{},"s":{"0":1},"f":{},"b":{},"_coverageSchema":"1a1c01bbd47fc00a2c39e90264f33305004495a9","hash":"cd7667d3db8324df5946c7aebe872fb8a6e484a1"}
,"C:\\Users\\susghosh\\Documents\\ReactNative\\pokedex\\assets\\official-artwork\\113.png": {"path":"C:\\Users\\susghosh\\Documents\\ReactNative\\pokedex\\assets\\official-artwork\\113.png","statementMap":{"0":{"start":{"line":1,"column":0},"end":{"line":4,"column":6}}},"fnMap":{},"branchMap":{},"s":{"0":1},"f":{},"b":{},"_coverageSchema":"1a1c01bbd47fc00a2c39e90264f33305004495a9","hash":"1ea48565ddff2ec5bcace5141ed3a444bf40a291"}
,"C:\\Users\\susghosh\\Documents\\ReactNative\\pokedex\\assets\\official-artwork\\114.png": {"path":"C:\\Users\\susghosh\\Documents\\ReactNative\\pokedex\\assets\\official-artwork\\114.png","statementMap":{"0":{"start":{"line":1,"column":0},"end":{"line":4,"column":6}}},"fnMap":{},"branchMap":{},"s":{"0":1},"f":{},"b":{},"_coverageSchema":"1a1c01bbd47fc00a2c39e90264f33305004495a9","hash":"9ecf40e28f4c784232c5fa868c11d73764a5cb75"}
,"C:\\Users\\susghosh\\Documents\\ReactNative\\pokedex\\assets\\official-artwork\\115.png": {"path":"C:\\Users\\susghosh\\Documents\\ReactNative\\pokedex\\assets\\official-artwork\\115.png","statementMap":{"0":{"start":{"line":1,"column":0},"end":{"line":4,"column":6}}},"fnMap":{},"branchMap":{},"s":{"0":1},"f":{},"b":{},"_coverageSchema":"1a1c01bbd47fc00a2c39e90264f33305004495a9","hash":"c6ca168930d9c15417f8b6a0299f6115e2b1d7c5"}
,"C:\\Users\\susghosh\\Documents\\ReactNative\\pokedex\\assets\\official-artwork\\116.png": {"path":"C:\\Users\\susghosh\\Documents\\ReactNative\\pokedex\\assets\\official-artwork\\116.png","statementMap":{"0":{"start":{"line":1,"column":0},"end":{"line":4,"column":6}}},"fnMap":{},"branchMap":{},"s":{"0":1},"f":{},"b":{},"_coverageSchema":"1a1c01bbd47fc00a2c39e90264f33305004495a9","hash":"b3785ac396be32ebe7d32274efbf7761a1ec241c"}
,"C:\\Users\\susghosh\\Documents\\ReactNative\\pokedex\\assets\\official-artwork\\117.png": {"path":"C:\\Users\\susghosh\\Documents\\ReactNative\\pokedex\\assets\\official-artwork\\117.png","statementMap":{"0":{"start":{"line":1,"column":0},"end":{"line":4,"column":6}}},"fnMap":{},"branchMap":{},"s":{"0":1},"f":{},"b":{},"_coverageSchema":"1a1c01bbd47fc00a2c39e90264f33305004495a9","hash":"e7b8152845f2a5daaa966eb8815b42f5c441f439"}
,"C:\\Users\\susghosh\\Documents\\ReactNative\\pokedex\\assets\\official-artwork\\118.png": {"path":"C:\\Users\\susghosh\\Documents\\ReactNative\\pokedex\\assets\\official-artwork\\118.png","statementMap":{"0":{"start":{"line":1,"column":0},"end":{"line":4,"column":6}}},"fnMap":{},"branchMap":{},"s":{"0":1},"f":{},"b":{},"_coverageSchema":"1a1c01bbd47fc00a2c39e90264f33305004495a9","hash":"7646942ee766bd95842fd1009aa66ea3938aecd1"}
,"C:\\Users\\susghosh\\Documents\\ReactNative\\pokedex\\assets\\official-artwork\\119.png": {"path":"C:\\Users\\susghosh\\Documents\\ReactNative\\pokedex\\assets\\official-artwork\\119.png","statementMap":{"0":{"start":{"line":1,"column":0},"end":{"line":4,"column":6}}},"fnMap":{},"branchMap":{},"s":{"0":1},"f":{},"b":{},"_coverageSchema":"1a1c01bbd47fc00a2c39e90264f33305004495a9","hash":"ba323b7dc98d0fbb0810ab3627835c3c68f8a728"}
,"C:\\Users\\susghosh\\Documents\\ReactNative\\pokedex\\assets\\official-artwork\\12.png": {"path":"C:\\Users\\susghosh\\Documents\\ReactNative\\pokedex\\assets\\official-artwork\\12.png","statementMap":{"0":{"start":{"line":1,"column":0},"end":{"line":4,"column":6}}},"fnMap":{},"branchMap":{},"s":{"0":1},"f":{},"b":{},"_coverageSchema":"1a1c01bbd47fc00a2c39e90264f33305004495a9","hash":"26b2f9ef3cd9a97b5a69bcecc71ff13a6bb7b408"}
,"C:\\Users\\susghosh\\Documents\\ReactNative\\pokedex\\assets\\official-artwork\\120.png": {"path":"C:\\Users\\susghosh\\Documents\\ReactNative\\pokedex\\assets\\official-artwork\\120.png","statementMap":{"0":{"start":{"line":1,"column":0},"end":{"line":4,"column":6}}},"fnMap":{},"branchMap":{},"s":{"0":1},"f":{},"b":{},"_coverageSchema":"1a1c01bbd47fc00a2c39e90264f33305004495a9","hash":"1aa1cfbe704286ebcfe0caccf63bc8ce724b6f9f"}
,"C:\\Users\\susghosh\\Documents\\ReactNative\\pokedex\\assets\\official-artwork\\122.png": {"path":"C:\\Users\\susghosh\\Documents\\ReactNative\\pokedex\\assets\\official-artwork\\122.png","statementMap":{"0":{"start":{"line":1,"column":0},"end":{"line":4,"column":6}}},"fnMap":{},"branchMap":{},"s":{"0":1},"f":{},"b":{},"_coverageSchema":"1a1c01bbd47fc00a2c39e90264f33305004495a9","hash":"a9885ee11c480cf7cfba123b1ba4100c96f5f84c"}
,"C:\\Users\\susghosh\\Documents\\ReactNative\\pokedex\\assets\\official-artwork\\123.png": {"path":"C:\\Users\\susghosh\\Documents\\ReactNative\\pokedex\\assets\\official-artwork\\123.png","statementMap":{"0":{"start":{"line":1,"column":0},"end":{"line":4,"column":6}}},"fnMap":{},"branchMap":{},"s":{"0":1},"f":{},"b":{},"_coverageSchema":"1a1c01bbd47fc00a2c39e90264f33305004495a9","hash":"1d099af9de614acf19f912a5aaa9462bee822684"}
,"C:\\Users\\susghosh\\Documents\\ReactNative\\pokedex\\assets\\official-artwork\\124.png": {"path":"C:\\Users\\susghosh\\Documents\\ReactNative\\pokedex\\assets\\official-artwork\\124.png","statementMap":{"0":{"start":{"line":1,"column":0},"end":{"line":4,"column":6}}},"fnMap":{},"branchMap":{},"s":{"0":1},"f":{},"b":{},"_coverageSchema":"1a1c01bbd47fc00a2c39e90264f33305004495a9","hash":"a27d0c576aee21cf8efa27f9be2d6570ec6f390b"}
,"C:\\Users\\susghosh\\Documents\\ReactNative\\pokedex\\assets\\official-artwork\\125.png": {"path":"C:\\Users\\susghosh\\Documents\\ReactNative\\pokedex\\assets\\official-artwork\\125.png","statementMap":{"0":{"start":{"line":1,"column":0},"end":{"line":4,"column":6}}},"fnMap":{},"branchMap":{},"s":{"0":1},"f":{},"b":{},"_coverageSchema":"1a1c01bbd47fc00a2c39e90264f33305004495a9","hash":"86e30b09faacefd9e148ae6c740a790cb5c56eac"}
,"C:\\Users\\susghosh\\Documents\\ReactNative\\pokedex\\assets\\official-artwork\\126.png": {"path":"C:\\Users\\susghosh\\Documents\\ReactNative\\pokedex\\assets\\official-artwork\\126.png","statementMap":{"0":{"start":{"line":1,"column":0},"end":{"line":4,"column":6}}},"fnMap":{},"branchMap":{},"s":{"0":1},"f":{},"b":{},"_coverageSchema":"1a1c01bbd47fc00a2c39e90264f33305004495a9","hash":"ca0dd50ac177272b1ecaaf44ab5abcaee334b701"}
,"C:\\Users\\susghosh\\Documents\\ReactNative\\pokedex\\assets\\official-artwork\\127.png": {"path":"C:\\Users\\susghosh\\Documents\\ReactNative\\pokedex\\assets\\official-artwork\\127.png","statementMap":{"0":{"start":{"line":1,"column":0},"end":{"line":4,"column":6}}},"fnMap":{},"branchMap":{},"s":{"0":1},"f":{},"b":{},"_coverageSchema":"1a1c01bbd47fc00a2c39e90264f33305004495a9","hash":"423893146df75e061cc817f0fc34856ec3e29ed8"}
,"C:\\Users\\susghosh\\Documents\\ReactNative\\pokedex\\assets\\official-artwork\\128.png": {"path":"C:\\Users\\susghosh\\Documents\\ReactNative\\pokedex\\assets\\official-artwork\\128.png","statementMap":{"0":{"start":{"line":1,"column":0},"end":{"line":4,"column":6}}},"fnMap":{},"branchMap":{},"s":{"0":1},"f":{},"b":{},"_coverageSchema":"1a1c01bbd47fc00a2c39e90264f33305004495a9","hash":"bd1826a2c7a367e1d9c955be20b2f560392ab1de"}
,"C:\\Users\\susghosh\\Documents\\ReactNative\\pokedex\\assets\\official-artwork\\129.png": {"path":"C:\\Users\\susghosh\\Documents\\ReactNative\\pokedex\\assets\\official-artwork\\129.png","statementMap":{"0":{"start":{"line":1,"column":0},"end":{"line":4,"column":6}}},"fnMap":{},"branchMap":{},"s":{"0":1},"f":{},"b":{},"_coverageSchema":"1a1c01bbd47fc00a2c39e90264f33305004495a9","hash":"614480528c91fc08ad3f91ec0453440161aef3bb"}
,"C:\\Users\\susghosh\\Documents\\ReactNative\\pokedex\\assets\\official-artwork\\13.png": {"path":"C:\\Users\\susghosh\\Documents\\ReactNative\\pokedex\\assets\\official-artwork\\13.png","statementMap":{"0":{"start":{"line":1,"column":0},"end":{"line":4,"column":6}}},"fnMap":{},"branchMap":{},"s":{"0":1},"f":{},"b":{},"_coverageSchema":"1a1c01bbd47fc00a2c39e90264f33305004495a9","hash":"46b5a5f25e09ee9098af42573e4c78bc59798955"}
,"C:\\Users\\susghosh\\Documents\\ReactNative\\pokedex\\assets\\official-artwork\\130.png": {"path":"C:\\Users\\susghosh\\Documents\\ReactNative\\pokedex\\assets\\official-artwork\\130.png","statementMap":{"0":{"start":{"line":1,"column":0},"end":{"line":4,"column":6}}},"fnMap":{},"branchMap":{},"s":{"0":1},"f":{},"b":{},"_coverageSchema":"1a1c01bbd47fc00a2c39e90264f33305004495a9","hash":"f3e528666354457166ee1774167d2be30996c1e2"}
,"C:\\Users\\susghosh\\Documents\\ReactNative\\pokedex\\assets\\official-artwork\\131.png": {"path":"C:\\Users\\susghosh\\Documents\\ReactNative\\pokedex\\assets\\official-artwork\\131.png","statementMap":{"0":{"start":{"line":1,"column":0},"end":{"line":4,"column":6}}},"fnMap":{},"branchMap":{},"s":{"0":1},"f":{},"b":{},"_coverageSchema":"1a1c01bbd47fc00a2c39e90264f33305004495a9","hash":"f52a6ea5695e6e8bd162d7ecb4bc5bf6d2d277d2"}
,"C:\\Users\\susghosh\\Documents\\ReactNative\\pokedex\\assets\\official-artwork\\132.png": {"path":"C:\\Users\\susghosh\\Documents\\ReactNative\\pokedex\\assets\\official-artwork\\132.png","statementMap":{"0":{"start":{"line":1,"column":0},"end":{"line":4,"column":6}}},"fnMap":{},"branchMap":{},"s":{"0":1},"f":{},"b":{},"_coverageSchema":"1a1c01bbd47fc00a2c39e90264f33305004495a9","hash":"c201c2dce1e831a8ad3fc18b8eaa9a18589341d6"}
,"C:\\Users\\susghosh\\Documents\\ReactNative\\pokedex\\assets\\official-artwork\\133.png": {"path":"C:\\Users\\susghosh\\Documents\\ReactNative\\pokedex\\assets\\official-artwork\\133.png","statementMap":{"0":{"start":{"line":1,"column":0},"end":{"line":4,"column":6}}},"fnMap":{},"branchMap":{},"s":{"0":1},"f":{},"b":{},"_coverageSchema":"1a1c01bbd47fc00a2c39e90264f33305004495a9","hash":"9d1148115f6454a0448bdea80f3f45b4d21f50ac"}
,"C:\\Users\\susghosh\\Documents\\ReactNative\\pokedex\\assets\\official-artwork\\134.png": {"path":"C:\\Users\\susghosh\\Documents\\ReactNative\\pokedex\\assets\\official-artwork\\134.png","statementMap":{"0":{"start":{"line":1,"column":0},"end":{"line":4,"column":6}}},"fnMap":{},"branchMap":{},"s":{"0":1},"f":{},"b":{},"_coverageSchema":"1a1c01bbd47fc00a2c39e90264f33305004495a9","hash":"1389103b0abc6f11928d89c54c82c75909f046cf"}
,"C:\\Users\\susghosh\\Documents\\ReactNative\\pokedex\\assets\\official-artwork\\135.png": {"path":"C:\\Users\\susghosh\\Documents\\ReactNative\\pokedex\\assets\\official-artwork\\135.png","statementMap":{"0":{"start":{"line":1,"column":0},"end":{"line":4,"column":6}}},"fnMap":{},"branchMap":{},"s":{"0":1},"f":{},"b":{},"_coverageSchema":"1a1c01bbd47fc00a2c39e90264f33305004495a9","hash":"b5c0377de8bfbb19571278e9fded60249e9025a8"}
,"C:\\Users\\susghosh\\Documents\\ReactNative\\pokedex\\assets\\official-artwork\\136.png": {"path":"C:\\Users\\susghosh\\Documents\\ReactNative\\pokedex\\assets\\official-artwork\\136.png","statementMap":{"0":{"start":{"line":1,"column":0},"end":{"line":4,"column":6}}},"fnMap":{},"branchMap":{},"s":{"0":1},"f":{},"b":{},"_coverageSchema":"1a1c01bbd47fc00a2c39e90264f33305004495a9","hash":"0b7e2aeaad7aa5cae0ced72fe0aa98f09cba83d5"}
,"C:\\Users\\susghosh\\Documents\\ReactNative\\pokedex\\assets\\official-artwork\\137.png": {"path":"C:\\Users\\susghosh\\Documents\\ReactNative\\pokedex\\assets\\official-artwork\\137.png","statementMap":{"0":{"start":{"line":1,"column":0},"end":{"line":4,"column":6}}},"fnMap":{},"branchMap":{},"s":{"0":1},"f":{},"b":{},"_coverageSchema":"1a1c01bbd47fc00a2c39e90264f33305004495a9","hash":"d2448b1e0b212e0f652ac9dfa63ce32be935224f"}
,"C:\\Users\\susghosh\\Documents\\ReactNative\\pokedex\\assets\\official-artwork\\138.png": {"path":"C:\\Users\\susghosh\\Documents\\ReactNative\\pokedex\\assets\\official-artwork\\138.png","statementMap":{"0":{"start":{"line":1,"column":0},"end":{"line":4,"column":6}}},"fnMap":{},"branchMap":{},"s":{"0":1},"f":{},"b":{},"_coverageSchema":"1a1c01bbd47fc00a2c39e90264f33305004495a9","hash":"96e89a8bea8659c81bc71555c391d92ed4bc8fcb"}
,"C:\\Users\\susghosh\\Documents\\ReactNative\\pokedex\\assets\\official-artwork\\139.png": {"path":"C:\\Users\\susghosh\\Documents\\ReactNative\\pokedex\\assets\\official-artwork\\139.png","statementMap":{"0":{"start":{"line":1,"column":0},"end":{"line":4,"column":6}}},"fnMap":{},"branchMap":{},"s":{"0":1},"f":{},"b":{},"_coverageSchema":"1a1c01bbd47fc00a2c39e90264f33305004495a9","hash":"0efdac5e9eb239d743edce61884deeaca754ad13"}
,"C:\\Users\\susghosh\\Documents\\ReactNative\\pokedex\\assets\\official-artwork\\14.png": {"path":"C:\\Users\\susghosh\\Documents\\ReactNative\\pokedex\\assets\\official-artwork\\14.png","statementMap":{"0":{"start":{"line":1,"column":0},"end":{"line":4,"column":6}}},"fnMap":{},"branchMap":{},"s":{"0":1},"f":{},"b":{},"_coverageSchema":"1a1c01bbd47fc00a2c39e90264f33305004495a9","hash":"5add8d5770f3faf55092f98bf7a182a55b8f2a80"}
,"C:\\Users\\susghosh\\Documents\\ReactNative\\pokedex\\assets\\official-artwork\\140.png": {"path":"C:\\Users\\susghosh\\Documents\\ReactNative\\pokedex\\assets\\official-artwork\\140.png","statementMap":{"0":{"start":{"line":1,"column":0},"end":{"line":4,"column":6}}},"fnMap":{},"branchMap":{},"s":{"0":1},"f":{},"b":{},"_coverageSchema":"1a1c01bbd47fc00a2c39e90264f33305004495a9","hash":"3ae2a832be7684eca66121e3d4fbc3f3b13e541c"}
,"C:\\Users\\susghosh\\Documents\\ReactNative\\pokedex\\assets\\official-artwork\\141.png": {"path":"C:\\Users\\susghosh\\Documents\\ReactNative\\pokedex\\assets\\official-artwork\\141.png","statementMap":{"0":{"start":{"line":1,"column":0},"end":{"line":4,"column":6}}},"fnMap":{},"branchMap":{},"s":{"0":1},"f":{},"b":{},"_coverageSchema":"1a1c01bbd47fc00a2c39e90264f33305004495a9","hash":"29c6f094105a6d627671cb08d0a2b0e32b1b8359"}
,"C:\\Users\\susghosh\\Documents\\ReactNative\\pokedex\\assets\\official-artwork\\142.png": {"path":"C:\\Users\\susghosh\\Documents\\ReactNative\\pokedex\\assets\\official-artwork\\142.png","statementMap":{"0":{"start":{"line":1,"column":0},"end":{"line":4,"column":6}}},"fnMap":{},"branchMap":{},"s":{"0":1},"f":{},"b":{},"_coverageSchema":"1a1c01bbd47fc00a2c39e90264f33305004495a9","hash":"dd5c571b03097a8c5bcc2bd4ff022b77e22f7157"}
,"C:\\Users\\susghosh\\Documents\\ReactNative\\pokedex\\assets\\official-artwork\\143.png": {"path":"C:\\Users\\susghosh\\Documents\\ReactNative\\pokedex\\assets\\official-artwork\\143.png","statementMap":{"0":{"start":{"line":1,"column":0},"end":{"line":4,"column":6}}},"fnMap":{},"branchMap":{},"s":{"0":1},"f":{},"b":{},"_coverageSchema":"1a1c01bbd47fc00a2c39e90264f33305004495a9","hash":"c217661aa7cf8cc86e8ac8fcd4d8c7b7f6ebd724"}
,"C:\\Users\\susghosh\\Documents\\ReactNative\\pokedex\\assets\\official-artwork\\144.png": {"path":"C:\\Users\\susghosh\\Documents\\ReactNative\\pokedex\\assets\\official-artwork\\144.png","statementMap":{"0":{"start":{"line":1,"column":0},"end":{"line":4,"column":6}}},"fnMap":{},"branchMap":{},"s":{"0":1},"f":{},"b":{},"_coverageSchema":"1a1c01bbd47fc00a2c39e90264f33305004495a9","hash":"42e793e13ff73b6e4379f0979a4ed6024326a4d2"}
,"C:\\Users\\susghosh\\Documents\\ReactNative\\pokedex\\assets\\official-artwork\\145.png": {"path":"C:\\Users\\susghosh\\Documents\\ReactNative\\pokedex\\assets\\official-artwork\\145.png","statementMap":{"0":{"start":{"line":1,"column":0},"end":{"line":4,"column":6}}},"fnMap":{},"branchMap":{},"s":{"0":1},"f":{},"b":{},"_coverageSchema":"1a1c01bbd47fc00a2c39e90264f33305004495a9","hash":"e365c2d2b160aeff593ffb6dab850795a0f87904"}
,"C:\\Users\\susghosh\\Documents\\ReactNative\\pokedex\\assets\\official-artwork\\146.png": {"path":"C:\\Users\\susghosh\\Documents\\ReactNative\\pokedex\\assets\\official-artwork\\146.png","statementMap":{"0":{"start":{"line":1,"column":0},"end":{"line":4,"column":6}}},"fnMap":{},"branchMap":{},"s":{"0":1},"f":{},"b":{},"_coverageSchema":"1a1c01bbd47fc00a2c39e90264f33305004495a9","hash":"c6a7893514ca176bf639c60aef983bfdfe25ff79"}
,"C:\\Users\\susghosh\\Documents\\ReactNative\\pokedex\\assets\\official-artwork\\147.png": {"path":"C:\\Users\\susghosh\\Documents\\ReactNative\\pokedex\\assets\\official-artwork\\147.png","statementMap":{"0":{"start":{"line":1,"column":0},"end":{"line":4,"column":6}}},"fnMap":{},"branchMap":{},"s":{"0":1},"f":{},"b":{},"_coverageSchema":"1a1c01bbd47fc00a2c39e90264f33305004495a9","hash":"5dc4b4fb73fb9a02529c8bf955163ee0dd161d04"}
,"C:\\Users\\susghosh\\Documents\\ReactNative\\pokedex\\assets\\official-artwork\\148.png": {"path":"C:\\Users\\susghosh\\Documents\\ReactNative\\pokedex\\assets\\official-artwork\\148.png","statementMap":{"0":{"start":{"line":1,"column":0},"end":{"line":4,"column":6}}},"fnMap":{},"branchMap":{},"s":{"0":1},"f":{},"b":{},"_coverageSchema":"1a1c01bbd47fc00a2c39e90264f33305004495a9","hash":"b30acd96bd45f670a8b9abac6ce3754520b63956"}
,"C:\\Users\\susghosh\\Documents\\ReactNative\\pokedex\\assets\\official-artwork\\149.png": {"path":"C:\\Users\\susghosh\\Documents\\ReactNative\\pokedex\\assets\\official-artwork\\149.png","statementMap":{"0":{"start":{"line":1,"column":0},"end":{"line":4,"column":6}}},"fnMap":{},"branchMap":{},"s":{"0":1},"f":{},"b":{},"_coverageSchema":"1a1c01bbd47fc00a2c39e90264f33305004495a9","hash":"9b24b23cc36276d2aea943a47a6e11c251d9da67"}
,"C:\\Users\\susghosh\\Documents\\ReactNative\\pokedex\\assets\\official-artwork\\15.png": {"path":"C:\\Users\\susghosh\\Documents\\ReactNative\\pokedex\\assets\\official-artwork\\15.png","statementMap":{"0":{"start":{"line":1,"column":0},"end":{"line":4,"column":6}}},"fnMap":{},"branchMap":{},"s":{"0":1},"f":{},"b":{},"_coverageSchema":"1a1c01bbd47fc00a2c39e90264f33305004495a9","hash":"7c0c369f77e966da3c6edcd8281a7e6a721c7c3e"}
,"C:\\Users\\susghosh\\Documents\\ReactNative\\pokedex\\assets\\official-artwork\\150.png": {"path":"C:\\Users\\susghosh\\Documents\\ReactNative\\pokedex\\assets\\official-artwork\\150.png","statementMap":{"0":{"start":{"line":1,"column":0},"end":{"line":4,"column":6}}},"fnMap":{},"branchMap":{},"s":{"0":1},"f":{},"b":{},"_coverageSchema":"1a1c01bbd47fc00a2c39e90264f33305004495a9","hash":"8e50f2f2ca4af890f8960ff1db8cbb8063390405"}
,"C:\\Users\\susghosh\\Documents\\ReactNative\\pokedex\\assets\\official-artwork\\151.png": {"path":"C:\\Users\\susghosh\\Documents\\ReactNative\\pokedex\\assets\\official-artwork\\151.png","statementMap":{"0":{"start":{"line":1,"column":0},"end":{"line":4,"column":6}}},"fnMap":{},"branchMap":{},"s":{"0":1},"f":{},"b":{},"_coverageSchema":"1a1c01bbd47fc00a2c39e90264f33305004495a9","hash":"de3fa622be1414a9dd1a8015470c77c59c83094d"}
,"C:\\Users\\susghosh\\Documents\\ReactNative\\pokedex\\assets\\official-artwork\\152.png": {"path":"C:\\Users\\susghosh\\Documents\\ReactNative\\pokedex\\assets\\official-artwork\\152.png","statementMap":{"0":{"start":{"line":1,"column":0},"end":{"line":4,"column":6}}},"fnMap":{},"branchMap":{},"s":{"0":1},"f":{},"b":{},"_coverageSchema":"1a1c01bbd47fc00a2c39e90264f33305004495a9","hash":"dd74d64388e0455eea38cfadfcb14053b865a6a7"}
,"C:\\Users\\susghosh\\Documents\\ReactNative\\pokedex\\assets\\official-artwork\\153.png": {"path":"C:\\Users\\susghosh\\Documents\\ReactNative\\pokedex\\assets\\official-artwork\\153.png","statementMap":{"0":{"start":{"line":1,"column":0},"end":{"line":4,"column":6}}},"fnMap":{},"branchMap":{},"s":{"0":1},"f":{},"b":{},"_coverageSchema":"1a1c01bbd47fc00a2c39e90264f33305004495a9","hash":"4211e063a87f4b2b7bcfe5a8e60d4a437007a705"}
,"C:\\Users\\susghosh\\Documents\\ReactNative\\pokedex\\assets\\official-artwork\\154.png": {"path":"C:\\Users\\susghosh\\Documents\\ReactNative\\pokedex\\assets\\official-artwork\\154.png","statementMap":{"0":{"start":{"line":1,"column":0},"end":{"line":4,"column":6}}},"fnMap":{},"branchMap":{},"s":{"0":1},"f":{},"b":{},"_coverageSchema":"1a1c01bbd47fc00a2c39e90264f33305004495a9","hash":"adec14d24561c05ad3ac2b6d96fd3be1ec8d37b9"}
,"C:\\Users\\susghosh\\Documents\\ReactNative\\pokedex\\assets\\official-artwork\\155.png": {"path":"C:\\Users\\susghosh\\Documents\\ReactNative\\pokedex\\assets\\official-artwork\\155.png","statementMap":{"0":{"start":{"line":1,"column":0},"end":{"line":4,"column":6}}},"fnMap":{},"branchMap":{},"s":{"0":1},"f":{},"b":{},"_coverageSchema":"1a1c01bbd47fc00a2c39e90264f33305004495a9","hash":"10f11748fd6c9c313213f4aacfa499571fd67b12"}
,"C:\\Users\\susghosh\\Documents\\ReactNative\\pokedex\\assets\\official-artwork\\156.png": {"path":"C:\\Users\\susghosh\\Documents\\ReactNative\\pokedex\\assets\\official-artwork\\156.png","statementMap":{"0":{"start":{"line":1,"column":0},"end":{"line":4,"column":6}}},"fnMap":{},"branchMap":{},"s":{"0":1},"f":{},"b":{},"_coverageSchema":"1a1c01bbd47fc00a2c39e90264f33305004495a9","hash":"571512af03213bd56a3517e4b6c7d9759f6564e2"}
,"C:\\Users\\susghosh\\Documents\\ReactNative\\pokedex\\assets\\official-artwork\\157.png": {"path":"C:\\Users\\susghosh\\Documents\\ReactNative\\pokedex\\assets\\official-artwork\\157.png","statementMap":{"0":{"start":{"line":1,"column":0},"end":{"line":4,"column":6}}},"fnMap":{},"branchMap":{},"s":{"0":1},"f":{},"b":{},"_coverageSchema":"1a1c01bbd47fc00a2c39e90264f33305004495a9","hash":"3e7d620b2bb6ced0339718ce6dae39f1fe685e31"}
,"C:\\Users\\susghosh\\Documents\\ReactNative\\pokedex\\assets\\official-artwork\\158.png": {"path":"C:\\Users\\susghosh\\Documents\\ReactNative\\pokedex\\assets\\official-artwork\\158.png","statementMap":{"0":{"start":{"line":1,"column":0},"end":{"line":4,"column":6}}},"fnMap":{},"branchMap":{},"s":{"0":1},"f":{},"b":{},"_coverageSchema":"1a1c01bbd47fc00a2c39e90264f33305004495a9","hash":"5311537565a6695497f75398451366210d6d2bce"}
,"C:\\Users\\susghosh\\Documents\\ReactNative\\pokedex\\assets\\official-artwork\\159.png": {"path":"C:\\Users\\susghosh\\Documents\\ReactNative\\pokedex\\assets\\official-artwork\\159.png","statementMap":{"0":{"start":{"line":1,"column":0},"end":{"line":4,"column":6}}},"fnMap":{},"branchMap":{},"s":{"0":1},"f":{},"b":{},"_coverageSchema":"1a1c01bbd47fc00a2c39e90264f33305004495a9","hash":"c52e0899971c832b4d78a94803d7ab3aef9e0ab8"}
,"C:\\Users\\susghosh\\Documents\\ReactNative\\pokedex\\assets\\official-artwork\\16.png": {"path":"C:\\Users\\susghosh\\Documents\\ReactNative\\pokedex\\assets\\official-artwork\\16.png","statementMap":{"0":{"start":{"line":1,"column":0},"end":{"line":4,"column":6}}},"fnMap":{},"branchMap":{},"s":{"0":1},"f":{},"b":{},"_coverageSchema":"1a1c01bbd47fc00a2c39e90264f33305004495a9","hash":"6661cf46d3432f0310c4b57f8f9cdca2f9a343de"}
,"C:\\Users\\susghosh\\Documents\\ReactNative\\pokedex\\assets\\official-artwork\\160.png": {"path":"C:\\Users\\susghosh\\Documents\\ReactNative\\pokedex\\assets\\official-artwork\\160.png","statementMap":{"0":{"start":{"line":1,"column":0},"end":{"line":4,"column":6}}},"fnMap":{},"branchMap":{},"s":{"0":1},"f":{},"b":{},"_coverageSchema":"1a1c01bbd47fc00a2c39e90264f33305004495a9","hash":"cab9065c7e40ed60bd834b4b803bbaf8ceb5c411"}
,"C:\\Users\\susghosh\\Documents\\ReactNative\\pokedex\\assets\\official-artwork\\161.png": {"path":"C:\\Users\\susghosh\\Documents\\ReactNative\\pokedex\\assets\\official-artwork\\161.png","statementMap":{"0":{"start":{"line":1,"column":0},"end":{"line":4,"column":6}}},"fnMap":{},"branchMap":{},"s":{"0":1},"f":{},"b":{},"_coverageSchema":"1a1c01bbd47fc00a2c39e90264f33305004495a9","hash":"61f309db60beb491735485eda231dfba727dd880"}
,"C:\\Users\\susghosh\\Documents\\ReactNative\\pokedex\\assets\\official-artwork\\162.png": {"path":"C:\\Users\\susghosh\\Documents\\ReactNative\\pokedex\\assets\\official-artwork\\162.png","statementMap":{"0":{"start":{"line":1,"column":0},"end":{"line":4,"column":6}}},"fnMap":{},"branchMap":{},"s":{"0":1},"f":{},"b":{},"_coverageSchema":"1a1c01bbd47fc00a2c39e90264f33305004495a9","hash":"af46d856a30865d118b7e5c941ffd1cbc4340d57"}
,"C:\\Users\\susghosh\\Documents\\ReactNative\\pokedex\\assets\\official-artwork\\163.png": {"path":"C:\\Users\\susghosh\\Documents\\ReactNative\\pokedex\\assets\\official-artwork\\163.png","statementMap":{"0":{"start":{"line":1,"column":0},"end":{"line":4,"column":6}}},"fnMap":{},"branchMap":{},"s":{"0":1},"f":{},"b":{},"_coverageSchema":"1a1c01bbd47fc00a2c39e90264f33305004495a9","hash":"a227e85137c838cce65cd8e564216f2a9ab49cc4"}
,"C:\\Users\\susghosh\\Documents\\ReactNative\\pokedex\\assets\\official-artwork\\164.png": {"path":"C:\\Users\\susghosh\\Documents\\ReactNative\\pokedex\\assets\\official-artwork\\164.png","statementMap":{"0":{"start":{"line":1,"column":0},"end":{"line":4,"column":6}}},"fnMap":{},"branchMap":{},"s":{"0":1},"f":{},"b":{},"_coverageSchema":"1a1c01bbd47fc00a2c39e90264f33305004495a9","hash":"5171722042c23de8b7e22c94dba092801b01b083"}
,"C:\\Users\\susghosh\\Documents\\ReactNative\\pokedex\\assets\\official-artwork\\165.png": {"path":"C:\\Users\\susghosh\\Documents\\ReactNative\\pokedex\\assets\\official-artwork\\165.png","statementMap":{"0":{"start":{"line":1,"column":0},"end":{"line":4,"column":6}}},"fnMap":{},"branchMap":{},"s":{"0":1},"f":{},"b":{},"_coverageSchema":"1a1c01bbd47fc00a2c39e90264f33305004495a9","hash":"d99b743e7da5cd8dea80c8e6ef192b7c90528eb4"}
,"C:\\Users\\susghosh\\Documents\\ReactNative\\pokedex\\assets\\official-artwork\\166.png": {"path":"C:\\Users\\susghosh\\Documents\\ReactNative\\pokedex\\assets\\official-artwork\\166.png","statementMap":{"0":{"start":{"line":1,"column":0},"end":{"line":4,"column":6}}},"fnMap":{},"branchMap":{},"s":{"0":1},"f":{},"b":{},"_coverageSchema":"1a1c01bbd47fc00a2c39e90264f33305004495a9","hash":"4892b6a459583d32768dd554b54548fdd643f3eb"}
,"C:\\Users\\susghosh\\Documents\\ReactNative\\pokedex\\assets\\official-artwork\\167.png": {"path":"C:\\Users\\susghosh\\Documents\\ReactNative\\pokedex\\assets\\official-artwork\\167.png","statementMap":{"0":{"start":{"line":1,"column":0},"end":{"line":4,"column":6}}},"fnMap":{},"branchMap":{},"s":{"0":1},"f":{},"b":{},"_coverageSchema":"1a1c01bbd47fc00a2c39e90264f33305004495a9","hash":"49ea94d28660ba65226cc320f301febed820ce61"}
,"C:\\Users\\susghosh\\Documents\\ReactNative\\pokedex\\assets\\official-artwork\\168.png": {"path":"C:\\Users\\susghosh\\Documents\\ReactNative\\pokedex\\assets\\official-artwork\\168.png","statementMap":{"0":{"start":{"line":1,"column":0},"end":{"line":4,"column":6}}},"fnMap":{},"branchMap":{},"s":{"0":1},"f":{},"b":{},"_coverageSchema":"1a1c01bbd47fc00a2c39e90264f33305004495a9","hash":"2c784cb8256b277cc5351625ba876bef63246c21"}
,"C:\\Users\\susghosh\\Documents\\ReactNative\\pokedex\\assets\\official-artwork\\169.png": {"path":"C:\\Users\\susghosh\\Documents\\ReactNative\\pokedex\\assets\\official-artwork\\169.png","statementMap":{"0":{"start":{"line":1,"column":0},"end":{"line":4,"column":6}}},"fnMap":{},"branchMap":{},"s":{"0":1},"f":{},"b":{},"_coverageSchema":"1a1c01bbd47fc00a2c39e90264f33305004495a9","hash":"18d266b61face45b5dd5e579819e3f666b192dec"}
,"C:\\Users\\susghosh\\Documents\\ReactNative\\pokedex\\assets\\official-artwork\\17.png": {"path":"C:\\Users\\susghosh\\Documents\\ReactNative\\pokedex\\assets\\official-artwork\\17.png","statementMap":{"0":{"start":{"line":1,"column":0},"end":{"line":4,"column":6}}},"fnMap":{},"branchMap":{},"s":{"0":1},"f":{},"b":{},"_coverageSchema":"1a1c01bbd47fc00a2c39e90264f33305004495a9","hash":"0484fd8265077e5f9abfcad467e56029368ebf21"}
,"C:\\Users\\susghosh\\Documents\\ReactNative\\pokedex\\assets\\official-artwork\\170.png": {"path":"C:\\Users\\susghosh\\Documents\\ReactNative\\pokedex\\assets\\official-artwork\\170.png","statementMap":{"0":{"start":{"line":1,"column":0},"end":{"line":4,"column":6}}},"fnMap":{},"branchMap":{},"s":{"0":1},"f":{},"b":{},"_coverageSchema":"1a1c01bbd47fc00a2c39e90264f33305004495a9","hash":"7f9c53bc6a000c3ea6914aae15ba9b6034569f7d"}
,"C:\\Users\\susghosh\\Documents\\ReactNative\\pokedex\\assets\\official-artwork\\171.png": {"path":"C:\\Users\\susghosh\\Documents\\ReactNative\\pokedex\\assets\\official-artwork\\171.png","statementMap":{"0":{"start":{"line":1,"column":0},"end":{"line":4,"column":6}}},"fnMap":{},"branchMap":{},"s":{"0":1},"f":{},"b":{},"_coverageSchema":"1a1c01bbd47fc00a2c39e90264f33305004495a9","hash":"689f7394169081534466d210b25cb4f9d048b704"}
,"C:\\Users\\susghosh\\Documents\\ReactNative\\pokedex\\assets\\official-artwork\\172.png": {"path":"C:\\Users\\susghosh\\Documents\\ReactNative\\pokedex\\assets\\official-artwork\\172.png","statementMap":{"0":{"start":{"line":1,"column":0},"end":{"line":4,"column":6}}},"fnMap":{},"branchMap":{},"s":{"0":1},"f":{},"b":{},"_coverageSchema":"1a1c01bbd47fc00a2c39e90264f33305004495a9","hash":"6d05ad7934743a95ae080fef55994a086173e432"}
,"C:\\Users\\susghosh\\Documents\\ReactNative\\pokedex\\assets\\official-artwork\\173.png": {"path":"C:\\Users\\susghosh\\Documents\\ReactNative\\pokedex\\assets\\official-artwork\\173.png","statementMap":{"0":{"start":{"line":1,"column":0},"end":{"line":4,"column":6}}},"fnMap":{},"branchMap":{},"s":{"0":1},"f":{},"b":{},"_coverageSchema":"1a1c01bbd47fc00a2c39e90264f33305004495a9","hash":"f07ade23d0ee6bf4fb4e180f37c865fcb3f2c981"}
,"C:\\Users\\susghosh\\Documents\\ReactNative\\pokedex\\assets\\official-artwork\\174.png": {"path":"C:\\Users\\susghosh\\Documents\\ReactNative\\pokedex\\assets\\official-artwork\\174.png","statementMap":{"0":{"start":{"line":1,"column":0},"end":{"line":4,"column":6}}},"fnMap":{},"branchMap":{},"s":{"0":1},"f":{},"b":{},"_coverageSchema":"1a1c01bbd47fc00a2c39e90264f33305004495a9","hash":"1c61368d9ace204c6d45b5294af6999a65e520cd"}
,"C:\\Users\\susghosh\\Documents\\ReactNative\\pokedex\\assets\\official-artwork\\175.png": {"path":"C:\\Users\\susghosh\\Documents\\ReactNative\\pokedex\\assets\\official-artwork\\175.png","statementMap":{"0":{"start":{"line":1,"column":0},"end":{"line":4,"column":6}}},"fnMap":{},"branchMap":{},"s":{"0":1},"f":{},"b":{},"_coverageSchema":"1a1c01bbd47fc00a2c39e90264f33305004495a9","hash":"84a912819315e88a1b659af9dc86596502d2ded7"}
,"C:\\Users\\susghosh\\Documents\\ReactNative\\pokedex\\assets\\official-artwork\\176.png": {"path":"C:\\Users\\susghosh\\Documents\\ReactNative\\pokedex\\assets\\official-artwork\\176.png","statementMap":{"0":{"start":{"line":1,"column":0},"end":{"line":4,"column":6}}},"fnMap":{},"branchMap":{},"s":{"0":1},"f":{},"b":{},"_coverageSchema":"1a1c01bbd47fc00a2c39e90264f33305004495a9","hash":"be27a7ad98c25ed891ae461de7ad37eb18c67d59"}
,"C:\\Users\\susghosh\\Documents\\ReactNative\\pokedex\\assets\\official-artwork\\177.png": {"path":"C:\\Users\\susghosh\\Documents\\ReactNative\\pokedex\\assets\\official-artwork\\177.png","statementMap":{"0":{"start":{"line":1,"column":0},"end":{"line":4,"column":6}}},"fnMap":{},"branchMap":{},"s":{"0":1},"f":{},"b":{},"_coverageSchema":"1a1c01bbd47fc00a2c39e90264f33305004495a9","hash":"294d798ab81d8c493a507e21ba1c0debad689d2e"}
,"C:\\Users\\susghosh\\Documents\\ReactNative\\pokedex\\assets\\official-artwork\\178.png": {"path":"C:\\Users\\susghosh\\Documents\\ReactNative\\pokedex\\assets\\official-artwork\\178.png","statementMap":{"0":{"start":{"line":1,"column":0},"end":{"line":4,"column":6}}},"fnMap":{},"branchMap":{},"s":{"0":1},"f":{},"b":{},"_coverageSchema":"1a1c01bbd47fc00a2c39e90264f33305004495a9","hash":"09caddcb83cf3a64ad51f64de8607d2bc68c859b"}
,"C:\\Users\\susghosh\\Documents\\ReactNative\\pokedex\\assets\\official-artwork\\179.png": {"path":"C:\\Users\\susghosh\\Documents\\ReactNative\\pokedex\\assets\\official-artwork\\179.png","statementMap":{"0":{"start":{"line":1,"column":0},"end":{"line":4,"column":6}}},"fnMap":{},"branchMap":{},"s":{"0":1},"f":{},"b":{},"_coverageSchema":"1a1c01bbd47fc00a2c39e90264f33305004495a9","hash":"e089f90bb78e67f8650a354b1b6e1d0c6354ff8d"}
,"C:\\Users\\susghosh\\Documents\\ReactNative\\pokedex\\assets\\official-artwork\\18.png": {"path":"C:\\Users\\susghosh\\Documents\\ReactNative\\pokedex\\assets\\official-artwork\\18.png","statementMap":{"0":{"start":{"line":1,"column":0},"end":{"line":4,"column":6}}},"fnMap":{},"branchMap":{},"s":{"0":1},"f":{},"b":{},"_coverageSchema":"1a1c01bbd47fc00a2c39e90264f33305004495a9","hash":"b965973e987d96e18d535a7c4614dac61a9d60d3"}
,"C:\\Users\\susghosh\\Documents\\ReactNative\\pokedex\\assets\\official-artwork\\180.png": {"path":"C:\\Users\\susghosh\\Documents\\ReactNative\\pokedex\\assets\\official-artwork\\180.png","statementMap":{"0":{"start":{"line":1,"column":0},"end":{"line":4,"column":6}}},"fnMap":{},"branchMap":{},"s":{"0":1},"f":{},"b":{},"_coverageSchema":"1a1c01bbd47fc00a2c39e90264f33305004495a9","hash":"4272fe2eed8901234cf57d00f2364b5b421683fa"}
,"C:\\Users\\susghosh\\Documents\\ReactNative\\pokedex\\assets\\official-artwork\\181.png": {"path":"C:\\Users\\susghosh\\Documents\\ReactNative\\pokedex\\assets\\official-artwork\\181.png","statementMap":{"0":{"start":{"line":1,"column":0},"end":{"line":4,"column":6}}},"fnMap":{},"branchMap":{},"s":{"0":1},"f":{},"b":{},"_coverageSchema":"1a1c01bbd47fc00a2c39e90264f33305004495a9","hash":"a87d736ed060f2c9fd1be2604a23043c3a0dd8e2"}
,"C:\\Users\\susghosh\\Documents\\ReactNative\\pokedex\\assets\\official-artwork\\182.png": {"path":"C:\\Users\\susghosh\\Documents\\ReactNative\\pokedex\\assets\\official-artwork\\182.png","statementMap":{"0":{"start":{"line":1,"column":0},"end":{"line":4,"column":6}}},"fnMap":{},"branchMap":{},"s":{"0":1},"f":{},"b":{},"_coverageSchema":"1a1c01bbd47fc00a2c39e90264f33305004495a9","hash":"24eec4131718bbbdc18dd2e223e2f3e1689d843d"}
,"C:\\Users\\susghosh\\Documents\\ReactNative\\pokedex\\assets\\official-artwork\\183.png": {"path":"C:\\Users\\susghosh\\Documents\\ReactNative\\pokedex\\assets\\official-artwork\\183.png","statementMap":{"0":{"start":{"line":1,"column":0},"end":{"line":4,"column":6}}},"fnMap":{},"branchMap":{},"s":{"0":1},"f":{},"b":{},"_coverageSchema":"1a1c01bbd47fc00a2c39e90264f33305004495a9","hash":"d33c639343fc692c013314c41ff7ddf2b8cad11f"}
,"C:\\Users\\susghosh\\Documents\\ReactNative\\pokedex\\assets\\official-artwork\\184.png": {"path":"C:\\Users\\susghosh\\Documents\\ReactNative\\pokedex\\assets\\official-artwork\\184.png","statementMap":{"0":{"start":{"line":1,"column":0},"end":{"line":4,"column":6}}},"fnMap":{},"branchMap":{},"s":{"0":1},"f":{},"b":{},"_coverageSchema":"1a1c01bbd47fc00a2c39e90264f33305004495a9","hash":"27f3e43afb25f20711618a58d9d10ba46423dbce"}
,"C:\\Users\\susghosh\\Documents\\ReactNative\\pokedex\\assets\\official-artwork\\185.png": {"path":"C:\\Users\\susghosh\\Documents\\ReactNative\\pokedex\\assets\\official-artwork\\185.png","statementMap":{"0":{"start":{"line":1,"column":0},"end":{"line":4,"column":6}}},"fnMap":{},"branchMap":{},"s":{"0":1},"f":{},"b":{},"_coverageSchema":"1a1c01bbd47fc00a2c39e90264f33305004495a9","hash":"a467b206e0eb8e2bf4dee1a99e13b94321fe6ffc"}
,"C:\\Users\\susghosh\\Documents\\ReactNative\\pokedex\\assets\\official-artwork\\186.png": {"path":"C:\\Users\\susghosh\\Documents\\ReactNative\\pokedex\\assets\\official-artwork\\186.png","statementMap":{"0":{"start":{"line":1,"column":0},"end":{"line":4,"column":6}}},"fnMap":{},"branchMap":{},"s":{"0":1},"f":{},"b":{},"_coverageSchema":"1a1c01bbd47fc00a2c39e90264f33305004495a9","hash":"e84ae2ea56aaeba096621a14b0535e852c8d2c87"}
,"C:\\Users\\susghosh\\Documents\\ReactNative\\pokedex\\assets\\official-artwork\\187.png": {"path":"C:\\Users\\susghosh\\Documents\\ReactNative\\pokedex\\assets\\official-artwork\\187.png","statementMap":{"0":{"start":{"line":1,"column":0},"end":{"line":4,"column":6}}},"fnMap":{},"branchMap":{},"s":{"0":1},"f":{},"b":{},"_coverageSchema":"1a1c01bbd47fc00a2c39e90264f33305004495a9","hash":"77955f9f3c8b59b93ec5480566f094716c65176a"}
,"C:\\Users\\susghosh\\Documents\\ReactNative\\pokedex\\assets\\official-artwork\\188.png": {"path":"C:\\Users\\susghosh\\Documents\\ReactNative\\pokedex\\assets\\official-artwork\\188.png","statementMap":{"0":{"start":{"line":1,"column":0},"end":{"line":4,"column":6}}},"fnMap":{},"branchMap":{},"s":{"0":1},"f":{},"b":{},"_coverageSchema":"1a1c01bbd47fc00a2c39e90264f33305004495a9","hash":"10910c349b5f88f8b276c517935b63a4391f6712"}
,"C:\\Users\\susghosh\\Documents\\ReactNative\\pokedex\\assets\\official-artwork\\189.png": {"path":"C:\\Users\\susghosh\\Documents\\ReactNative\\pokedex\\assets\\official-artwork\\189.png","statementMap":{"0":{"start":{"line":1,"column":0},"end":{"line":4,"column":6}}},"fnMap":{},"branchMap":{},"s":{"0":1},"f":{},"b":{},"_coverageSchema":"1a1c01bbd47fc00a2c39e90264f33305004495a9","hash":"3b536373aa1c8af4a33a8e969ab8bf3cf6c0b7f6"}
,"C:\\Users\\susghosh\\Documents\\ReactNative\\pokedex\\assets\\official-artwork\\19.png": {"path":"C:\\Users\\susghosh\\Documents\\ReactNative\\pokedex\\assets\\official-artwork\\19.png","statementMap":{"0":{"start":{"line":1,"column":0},"end":{"line":4,"column":6}}},"fnMap":{},"branchMap":{},"s":{"0":1},"f":{},"b":{},"_coverageSchema":"1a1c01bbd47fc00a2c39e90264f33305004495a9","hash":"1d91944ff2c6e65c724532866da25155f343ff63"}
,"C:\\Users\\susghosh\\Documents\\ReactNative\\pokedex\\assets\\official-artwork\\190.png": {"path":"C:\\Users\\susghosh\\Documents\\ReactNative\\pokedex\\assets\\official-artwork\\190.png","statementMap":{"0":{"start":{"line":1,"column":0},"end":{"line":4,"column":6}}},"fnMap":{},"branchMap":{},"s":{"0":1},"f":{},"b":{},"_coverageSchema":"1a1c01bbd47fc00a2c39e90264f33305004495a9","hash":"8527ae26a695245139282e9824724e2244bf5f08"}
,"C:\\Users\\susghosh\\Documents\\ReactNative\\pokedex\\assets\\official-artwork\\191.png": {"path":"C:\\Users\\susghosh\\Documents\\ReactNative\\pokedex\\assets\\official-artwork\\191.png","statementMap":{"0":{"start":{"line":1,"column":0},"end":{"line":4,"column":6}}},"fnMap":{},"branchMap":{},"s":{"0":1},"f":{},"b":{},"_coverageSchema":"1a1c01bbd47fc00a2c39e90264f33305004495a9","hash":"e6606ae499e4a19a61788d39fed660ec51b5332d"}
,"C:\\Users\\susghosh\\Documents\\ReactNative\\pokedex\\assets\\official-artwork\\192.png": {"path":"C:\\Users\\susghosh\\Documents\\ReactNative\\pokedex\\assets\\official-artwork\\192.png","statementMap":{"0":{"start":{"line":1,"column":0},"end":{"line":4,"column":6}}},"fnMap":{},"branchMap":{},"s":{"0":1},"f":{},"b":{},"_coverageSchema":"1a1c01bbd47fc00a2c39e90264f33305004495a9","hash":"d5162fb8f33d3f48efcc6257b5b97ed3f1a34e43"}
,"C:\\Users\\susghosh\\Documents\\ReactNative\\pokedex\\assets\\official-artwork\\193.png": {"path":"C:\\Users\\susghosh\\Documents\\ReactNative\\pokedex\\assets\\official-artwork\\193.png","statementMap":{"0":{"start":{"line":1,"column":0},"end":{"line":4,"column":6}}},"fnMap":{},"branchMap":{},"s":{"0":1},"f":{},"b":{},"_coverageSchema":"1a1c01bbd47fc00a2c39e90264f33305004495a9","hash":"2c56339bb6081c7dcd381bd31cc99833e851a5f8"}
,"C:\\Users\\susghosh\\Documents\\ReactNative\\pokedex\\assets\\official-artwork\\194.png": {"path":"C:\\Users\\susghosh\\Documents\\ReactNative\\pokedex\\assets\\official-artwork\\194.png","statementMap":{"0":{"start":{"line":1,"column":0},"end":{"line":4,"column":6}}},"fnMap":{},"branchMap":{},"s":{"0":1},"f":{},"b":{},"_coverageSchema":"1a1c01bbd47fc00a2c39e90264f33305004495a9","hash":"ec3a110d65e13d9f6e79feae18506eca4477dfae"}
,"C:\\Users\\susghosh\\Documents\\ReactNative\\pokedex\\assets\\official-artwork\\195.png": {"path":"C:\\Users\\susghosh\\Documents\\ReactNative\\pokedex\\assets\\official-artwork\\195.png","statementMap":{"0":{"start":{"line":1,"column":0},"end":{"line":4,"column":6}}},"fnMap":{},"branchMap":{},"s":{"0":1},"f":{},"b":{},"_coverageSchema":"1a1c01bbd47fc00a2c39e90264f33305004495a9","hash":"4c2bd808d49462a1488cf6a0afefcc3d8da6e06c"}
,"C:\\Users\\susghosh\\Documents\\ReactNative\\pokedex\\assets\\official-artwork\\196.png": {"path":"C:\\Users\\susghosh\\Documents\\ReactNative\\pokedex\\assets\\official-artwork\\196.png","statementMap":{"0":{"start":{"line":1,"column":0},"end":{"line":4,"column":6}}},"fnMap":{},"branchMap":{},"s":{"0":1},"f":{},"b":{},"_coverageSchema":"1a1c01bbd47fc00a2c39e90264f33305004495a9","hash":"87aa8ce343cc786e2e258b9431d67bf96c1b4b25"}
,"C:\\Users\\susghosh\\Documents\\ReactNative\\pokedex\\assets\\official-artwork\\197.png": {"path":"C:\\Users\\susghosh\\Documents\\ReactNative\\pokedex\\assets\\official-artwork\\197.png","statementMap":{"0":{"start":{"line":1,"column":0},"end":{"line":4,"column":6}}},"fnMap":{},"branchMap":{},"s":{"0":1},"f":{},"b":{},"_coverageSchema":"1a1c01bbd47fc00a2c39e90264f33305004495a9","hash":"7ce9dd9feff56a71e6eede096234d351b002a0bc"}
,"C:\\Users\\susghosh\\Documents\\ReactNative\\pokedex\\assets\\official-artwork\\198.png": {"path":"C:\\Users\\susghosh\\Documents\\ReactNative\\pokedex\\assets\\official-artwork\\198.png","statementMap":{"0":{"start":{"line":1,"column":0},"end":{"line":4,"column":6}}},"fnMap":{},"branchMap":{},"s":{"0":1},"f":{},"b":{},"_coverageSchema":"1a1c01bbd47fc00a2c39e90264f33305004495a9","hash":"31e247eb895a96e0f8ef14ae525b8d4073139d7f"}
,"C:\\Users\\susghosh\\Documents\\ReactNative\\pokedex\\assets\\official-artwork\\199.png": {"path":"C:\\Users\\susghosh\\Documents\\ReactNative\\pokedex\\assets\\official-artwork\\199.png","statementMap":{"0":{"start":{"line":1,"column":0},"end":{"line":4,"column":6}}},"fnMap":{},"branchMap":{},"s":{"0":1},"f":{},"b":{},"_coverageSchema":"1a1c01bbd47fc00a2c39e90264f33305004495a9","hash":"9d657d8d53d9f3f0608307ec15a5b031855a68c4"}
,"C:\\Users\\susghosh\\Documents\\ReactNative\\pokedex\\assets\\official-artwork\\2.png": {"path":"C:\\Users\\susghosh\\Documents\\ReactNative\\pokedex\\assets\\official-artwork\\2.png","statementMap":{"0":{"start":{"line":1,"column":0},"end":{"line":4,"column":6}}},"fnMap":{},"branchMap":{},"s":{"0":1},"f":{},"b":{},"_coverageSchema":"1a1c01bbd47fc00a2c39e90264f33305004495a9","hash":"a50d8df2e057d8a0a6f55773a9539a844811eb08"}
,"C:\\Users\\susghosh\\Documents\\ReactNative\\pokedex\\assets\\official-artwork\\20.png": {"path":"C:\\Users\\susghosh\\Documents\\ReactNative\\pokedex\\assets\\official-artwork\\20.png","statementMap":{"0":{"start":{"line":1,"column":0},"end":{"line":4,"column":6}}},"fnMap":{},"branchMap":{},"s":{"0":1},"f":{},"b":{},"_coverageSchema":"1a1c01bbd47fc00a2c39e90264f33305004495a9","hash":"0eba1c9d5a019420d4850c14fa95d3a50f9cc9f5"}
,"C:\\Users\\susghosh\\Documents\\ReactNative\\pokedex\\assets\\official-artwork\\200.png": {"path":"C:\\Users\\susghosh\\Documents\\ReactNative\\pokedex\\assets\\official-artwork\\200.png","statementMap":{"0":{"start":{"line":1,"column":0},"end":{"line":4,"column":6}}},"fnMap":{},"branchMap":{},"s":{"0":1},"f":{},"b":{},"_coverageSchema":"1a1c01bbd47fc00a2c39e90264f33305004495a9","hash":"d5c026ee76505b779327398c08352014a00c290e"}
,"C:\\Users\\susghosh\\Documents\\ReactNative\\pokedex\\assets\\official-artwork\\201.png": {"path":"C:\\Users\\susghosh\\Documents\\ReactNative\\pokedex\\assets\\official-artwork\\201.png","statementMap":{"0":{"start":{"line":1,"column":0},"end":{"line":4,"column":6}}},"fnMap":{},"branchMap":{},"s":{"0":1},"f":{},"b":{},"_coverageSchema":"1a1c01bbd47fc00a2c39e90264f33305004495a9","hash":"bab5da6bf0dd57a8da3f715d1d6f3d2e9ed262d2"}
,"C:\\Users\\susghosh\\Documents\\ReactNative\\pokedex\\assets\\official-artwork\\202.png": {"path":"C:\\Users\\susghosh\\Documents\\ReactNative\\pokedex\\assets\\official-artwork\\202.png","statementMap":{"0":{"start":{"line":1,"column":0},"end":{"line":4,"column":6}}},"fnMap":{},"branchMap":{},"s":{"0":1},"f":{},"b":{},"_coverageSchema":"1a1c01bbd47fc00a2c39e90264f33305004495a9","hash":"e72799fb69f88c953a4f657377185bd4d8eb39d3"}
,"C:\\Users\\susghosh\\Documents\\ReactNative\\pokedex\\assets\\official-artwork\\203.png": {"path":"C:\\Users\\susghosh\\Documents\\ReactNative\\pokedex\\assets\\official-artwork\\203.png","statementMap":{"0":{"start":{"line":1,"column":0},"end":{"line":4,"column":6}}},"fnMap":{},"branchMap":{},"s":{"0":1},"f":{},"b":{},"_coverageSchema":"1a1c01bbd47fc00a2c39e90264f33305004495a9","hash":"570358c63b3c6ae89af37b12bdbfd404811e30a1"}
,"C:\\Users\\susghosh\\Documents\\ReactNative\\pokedex\\assets\\official-artwork\\204.png": {"path":"C:\\Users\\susghosh\\Documents\\ReactNative\\pokedex\\assets\\official-artwork\\204.png","statementMap":{"0":{"start":{"line":1,"column":0},"end":{"line":4,"column":6}}},"fnMap":{},"branchMap":{},"s":{"0":1},"f":{},"b":{},"_coverageSchema":"1a1c01bbd47fc00a2c39e90264f33305004495a9","hash":"1788ec2f82bc6f6da14330229315a7a2e4081607"}
,"C:\\Users\\susghosh\\Documents\\ReactNative\\pokedex\\assets\\official-artwork\\205.png": {"path":"C:\\Users\\susghosh\\Documents\\ReactNative\\pokedex\\assets\\official-artwork\\205.png","statementMap":{"0":{"start":{"line":1,"column":0},"end":{"line":4,"column":6}}},"fnMap":{},"branchMap":{},"s":{"0":1},"f":{},"b":{},"_coverageSchema":"1a1c01bbd47fc00a2c39e90264f33305004495a9","hash":"7b9a904a9c87798117d6c2f1e52f3757502d2f1a"}
,"C:\\Users\\susghosh\\Documents\\ReactNative\\pokedex\\assets\\official-artwork\\206.png": {"path":"C:\\Users\\susghosh\\Documents\\ReactNative\\pokedex\\assets\\official-artwork\\206.png","statementMap":{"0":{"start":{"line":1,"column":0},"end":{"line":4,"column":6}}},"fnMap":{},"branchMap":{},"s":{"0":1},"f":{},"b":{},"_coverageSchema":"1a1c01bbd47fc00a2c39e90264f33305004495a9","hash":"7d7296bed520765a3a69f76954bdd94747bb08c7"}
,"C:\\Users\\susghosh\\Documents\\ReactNative\\pokedex\\assets\\official-artwork\\207.png": {"path":"C:\\Users\\susghosh\\Documents\\ReactNative\\pokedex\\assets\\official-artwork\\207.png","statementMap":{"0":{"start":{"line":1,"column":0},"end":{"line":4,"column":6}}},"fnMap":{},"branchMap":{},"s":{"0":1},"f":{},"b":{},"_coverageSchema":"1a1c01bbd47fc00a2c39e90264f33305004495a9","hash":"5ea44d6b661809132ae91de84d42dcf18633ad25"}
,"C:\\Users\\susghosh\\Documents\\ReactNative\\pokedex\\assets\\official-artwork\\208.png": {"path":"C:\\Users\\susghosh\\Documents\\ReactNative\\pokedex\\assets\\official-artwork\\208.png","statementMap":{"0":{"start":{"line":1,"column":0},"end":{"line":4,"column":6}}},"fnMap":{},"branchMap":{},"s":{"0":1},"f":{},"b":{},"_coverageSchema":"1a1c01bbd47fc00a2c39e90264f33305004495a9","hash":"c32a8ef87f489c8ecf33342fa686d09c68d33e70"}
,"C:\\Users\\susghosh\\Documents\\ReactNative\\pokedex\\assets\\official-artwork\\209.png": {"path":"C:\\Users\\susghosh\\Documents\\ReactNative\\pokedex\\assets\\official-artwork\\209.png","statementMap":{"0":{"start":{"line":1,"column":0},"end":{"line":4,"column":6}}},"fnMap":{},"branchMap":{},"s":{"0":1},"f":{},"b":{},"_coverageSchema":"1a1c01bbd47fc00a2c39e90264f33305004495a9","hash":"cdc9d9a26f7f568ad9e59f8e7cd230bdec2c8ba8"}
,"C:\\Users\\susghosh\\Documents\\ReactNative\\pokedex\\assets\\official-artwork\\21.png": {"path":"C:\\Users\\susghosh\\Documents\\ReactNative\\pokedex\\assets\\official-artwork\\21.png","statementMap":{"0":{"start":{"line":1,"column":0},"end":{"line":4,"column":6}}},"fnMap":{},"branchMap":{},"s":{"0":1},"f":{},"b":{},"_coverageSchema":"1a1c01bbd47fc00a2c39e90264f33305004495a9","hash":"e123ad8714aa3289112aedbd6fada0744a3dd9af"}
,"C:\\Users\\susghosh\\Documents\\ReactNative\\pokedex\\assets\\official-artwork\\210.png": {"path":"C:\\Users\\susghosh\\Documents\\ReactNative\\pokedex\\assets\\official-artwork\\210.png","statementMap":{"0":{"start":{"line":1,"column":0},"end":{"line":4,"column":6}}},"fnMap":{},"branchMap":{},"s":{"0":1},"f":{},"b":{},"_coverageSchema":"1a1c01bbd47fc00a2c39e90264f33305004495a9","hash":"7e603e1817f0c6254a8e537b1d297c69d30d45b2"}
,"C:\\Users\\susghosh\\Documents\\ReactNative\\pokedex\\assets\\official-artwork\\211.png": {"path":"C:\\Users\\susghosh\\Documents\\ReactNative\\pokedex\\assets\\official-artwork\\211.png","statementMap":{"0":{"start":{"line":1,"column":0},"end":{"line":4,"column":6}}},"fnMap":{},"branchMap":{},"s":{"0":1},"f":{},"b":{},"_coverageSchema":"1a1c01bbd47fc00a2c39e90264f33305004495a9","hash":"5ae0e2a14ca4634a5bcdeb75b72a33b52e858956"}
,"C:\\Users\\susghosh\\Documents\\ReactNative\\pokedex\\assets\\official-artwork\\212.png": {"path":"C:\\Users\\susghosh\\Documents\\ReactNative\\pokedex\\assets\\official-artwork\\212.png","statementMap":{"0":{"start":{"line":1,"column":0},"end":{"line":4,"column":6}}},"fnMap":{},"branchMap":{},"s":{"0":1},"f":{},"b":{},"_coverageSchema":"1a1c01bbd47fc00a2c39e90264f33305004495a9","hash":"5fc9035dfb3470fee63b4be0077857c895deee3f"}
,"C:\\Users\\susghosh\\Documents\\ReactNative\\pokedex\\assets\\official-artwork\\213.png": {"path":"C:\\Users\\susghosh\\Documents\\ReactNative\\pokedex\\assets\\official-artwork\\213.png","statementMap":{"0":{"start":{"line":1,"column":0},"end":{"line":4,"column":6}}},"fnMap":{},"branchMap":{},"s":{"0":1},"f":{},"b":{},"_coverageSchema":"1a1c01bbd47fc00a2c39e90264f33305004495a9","hash":"653a61003ef7e855bbc4146ecb3276a7a6cb99af"}
,"C:\\Users\\susghosh\\Documents\\ReactNative\\pokedex\\assets\\official-artwork\\214.png": {"path":"C:\\Users\\susghosh\\Documents\\ReactNative\\pokedex\\assets\\official-artwork\\214.png","statementMap":{"0":{"start":{"line":1,"column":0},"end":{"line":4,"column":6}}},"fnMap":{},"branchMap":{},"s":{"0":1},"f":{},"b":{},"_coverageSchema":"1a1c01bbd47fc00a2c39e90264f33305004495a9","hash":"43e97dd4221f18e8f7499b077152cd95b4fdd42a"}
,"C:\\Users\\susghosh\\Documents\\ReactNative\\pokedex\\assets\\official-artwork\\215.png": {"path":"C:\\Users\\susghosh\\Documents\\ReactNative\\pokedex\\assets\\official-artwork\\215.png","statementMap":{"0":{"start":{"line":1,"column":0},"end":{"line":4,"column":6}}},"fnMap":{},"branchMap":{},"s":{"0":1},"f":{},"b":{},"_coverageSchema":"1a1c01bbd47fc00a2c39e90264f33305004495a9","hash":"1f0e4e47eeaef19997fa03128ddde878457bbcfb"}
,"C:\\Users\\susghosh\\Documents\\ReactNative\\pokedex\\assets\\official-artwork\\216.png": {"path":"C:\\Users\\susghosh\\Documents\\ReactNative\\pokedex\\assets\\official-artwork\\216.png","statementMap":{"0":{"start":{"line":1,"column":0},"end":{"line":4,"column":6}}},"fnMap":{},"branchMap":{},"s":{"0":1},"f":{},"b":{},"_coverageSchema":"1a1c01bbd47fc00a2c39e90264f33305004495a9","hash":"777d12e06912f919417c0ca8dd20e11516df3413"}
,"C:\\Users\\susghosh\\Documents\\ReactNative\\pokedex\\assets\\official-artwork\\217.png": {"path":"C:\\Users\\susghosh\\Documents\\ReactNative\\pokedex\\assets\\official-artwork\\217.png","statementMap":{"0":{"start":{"line":1,"column":0},"end":{"line":4,"column":6}}},"fnMap":{},"branchMap":{},"s":{"0":1},"f":{},"b":{},"_coverageSchema":"1a1c01bbd47fc00a2c39e90264f33305004495a9","hash":"4989b959f5b1b64ac69ee1080ace1654bf06189a"}
,"C:\\Users\\susghosh\\Documents\\ReactNative\\pokedex\\assets\\official-artwork\\218.png": {"path":"C:\\Users\\susghosh\\Documents\\ReactNative\\pokedex\\assets\\official-artwork\\218.png","statementMap":{"0":{"start":{"line":1,"column":0},"end":{"line":4,"column":6}}},"fnMap":{},"branchMap":{},"s":{"0":1},"f":{},"b":{},"_coverageSchema":"1a1c01bbd47fc00a2c39e90264f33305004495a9","hash":"7fdbb462e632995aacedf792ae8db15a65f061db"}
,"C:\\Users\\susghosh\\Documents\\ReactNative\\pokedex\\assets\\official-artwork\\219.png": {"path":"C:\\Users\\susghosh\\Documents\\ReactNative\\pokedex\\assets\\official-artwork\\219.png","statementMap":{"0":{"start":{"line":1,"column":0},"end":{"line":4,"column":6}}},"fnMap":{},"branchMap":{},"s":{"0":1},"f":{},"b":{},"_coverageSchema":"1a1c01bbd47fc00a2c39e90264f33305004495a9","hash":"19fcdaf8ea5eed485a6c0715e9fdba983f4d0bc9"}
,"C:\\Users\\susghosh\\Documents\\ReactNative\\pokedex\\assets\\official-artwork\\22.png": {"path":"C:\\Users\\susghosh\\Documents\\ReactNative\\pokedex\\assets\\official-artwork\\22.png","statementMap":{"0":{"start":{"line":1,"column":0},"end":{"line":4,"column":6}}},"fnMap":{},"branchMap":{},"s":{"0":1},"f":{},"b":{},"_coverageSchema":"1a1c01bbd47fc00a2c39e90264f33305004495a9","hash":"3e00d63698457c4bc80979849ac250a950cd43de"}
,"C:\\Users\\susghosh\\Documents\\ReactNative\\pokedex\\assets\\official-artwork\\220.png": {"path":"C:\\Users\\susghosh\\Documents\\ReactNative\\pokedex\\assets\\official-artwork\\220.png","statementMap":{"0":{"start":{"line":1,"column":0},"end":{"line":4,"column":6}}},"fnMap":{},"branchMap":{},"s":{"0":1},"f":{},"b":{},"_coverageSchema":"1a1c01bbd47fc00a2c39e90264f33305004495a9","hash":"4350f2829f4864e0cd4b4d7e797abfe1fdf8d489"}
,"C:\\Users\\susghosh\\Documents\\ReactNative\\pokedex\\assets\\official-artwork\\221.png": {"path":"C:\\Users\\susghosh\\Documents\\ReactNative\\pokedex\\assets\\official-artwork\\221.png","statementMap":{"0":{"start":{"line":1,"column":0},"end":{"line":4,"column":6}}},"fnMap":{},"branchMap":{},"s":{"0":1},"f":{},"b":{},"_coverageSchema":"1a1c01bbd47fc00a2c39e90264f33305004495a9","hash":"cb4dcc648d1b4f5f8efbc8705b6c0a2f04912c9f"}
,"C:\\Users\\susghosh\\Documents\\ReactNative\\pokedex\\assets\\official-artwork\\222.png": {"path":"C:\\Users\\susghosh\\Documents\\ReactNative\\pokedex\\assets\\official-artwork\\222.png","statementMap":{"0":{"start":{"line":1,"column":0},"end":{"line":4,"column":6}}},"fnMap":{},"branchMap":{},"s":{"0":1},"f":{},"b":{},"_coverageSchema":"1a1c01bbd47fc00a2c39e90264f33305004495a9","hash":"8d528f939b8064f003565249f2dbcde2af1a51cb"}
,"C:\\Users\\susghosh\\Documents\\ReactNative\\pokedex\\assets\\official-artwork\\223.png": {"path":"C:\\Users\\susghosh\\Documents\\ReactNative\\pokedex\\assets\\official-artwork\\223.png","statementMap":{"0":{"start":{"line":1,"column":0},"end":{"line":4,"column":6}}},"fnMap":{},"branchMap":{},"s":{"0":1},"f":{},"b":{},"_coverageSchema":"1a1c01bbd47fc00a2c39e90264f33305004495a9","hash":"5aa29ae97c2d81bd9c33d3f252df8d2823f321eb"}
,"C:\\Users\\susghosh\\Documents\\ReactNative\\pokedex\\assets\\official-artwork\\224.png": {"path":"C:\\Users\\susghosh\\Documents\\ReactNative\\pokedex\\assets\\official-artwork\\224.png","statementMap":{"0":{"start":{"line":1,"column":0},"end":{"line":4,"column":6}}},"fnMap":{},"branchMap":{},"s":{"0":1},"f":{},"b":{},"_coverageSchema":"1a1c01bbd47fc00a2c39e90264f33305004495a9","hash":"cc20cde47f577d6c89eb46c25cc1e3e34c0761a7"}
,"C:\\Users\\susghosh\\Documents\\ReactNative\\pokedex\\assets\\official-artwork\\225.png": {"path":"C:\\Users\\susghosh\\Documents\\ReactNative\\pokedex\\assets\\official-artwork\\225.png","statementMap":{"0":{"start":{"line":1,"column":0},"end":{"line":4,"column":6}}},"fnMap":{},"branchMap":{},"s":{"0":1},"f":{},"b":{},"_coverageSchema":"1a1c01bbd47fc00a2c39e90264f33305004495a9","hash":"bc28040a6c39c1bab99afb51082d22897ddf20f3"}
,"C:\\Users\\susghosh\\Documents\\ReactNative\\pokedex\\assets\\official-artwork\\226.png": {"path":"C:\\Users\\susghosh\\Documents\\ReactNative\\pokedex\\assets\\official-artwork\\226.png","statementMap":{"0":{"start":{"line":1,"column":0},"end":{"line":4,"column":6}}},"fnMap":{},"branchMap":{},"s":{"0":1},"f":{},"b":{},"_coverageSchema":"1a1c01bbd47fc00a2c39e90264f33305004495a9","hash":"ebc1600baca7e61b8c0170905db2ca9559a5e8e5"}
,"C:\\Users\\susghosh\\Documents\\ReactNative\\pokedex\\assets\\official-artwork\\227.png": {"path":"C:\\Users\\susghosh\\Documents\\ReactNative\\pokedex\\assets\\official-artwork\\227.png","statementMap":{"0":{"start":{"line":1,"column":0},"end":{"line":4,"column":6}}},"fnMap":{},"branchMap":{},"s":{"0":1},"f":{},"b":{},"_coverageSchema":"1a1c01bbd47fc00a2c39e90264f33305004495a9","hash":"b3b27c764e8d8e4afc065e04893f97bde1cc0c49"}
,"C:\\Users\\susghosh\\Documents\\ReactNative\\pokedex\\assets\\official-artwork\\228.png": {"path":"C:\\Users\\susghosh\\Documents\\ReactNative\\pokedex\\assets\\official-artwork\\228.png","statementMap":{"0":{"start":{"line":1,"column":0},"end":{"line":4,"column":6}}},"fnMap":{},"branchMap":{},"s":{"0":1},"f":{},"b":{},"_coverageSchema":"1a1c01bbd47fc00a2c39e90264f33305004495a9","hash":"c045b2d708a63597589c7c441222e7ae8c1a2732"}
,"C:\\Users\\susghosh\\Documents\\ReactNative\\pokedex\\assets\\official-artwork\\229.png": {"path":"C:\\Users\\susghosh\\Documents\\ReactNative\\pokedex\\assets\\official-artwork\\229.png","statementMap":{"0":{"start":{"line":1,"column":0},"end":{"line":4,"column":6}}},"fnMap":{},"branchMap":{},"s":{"0":1},"f":{},"b":{},"_coverageSchema":"1a1c01bbd47fc00a2c39e90264f33305004495a9","hash":"5ac6a52371c81f6c7133237cfe20ff161ae1c876"}
,"C:\\Users\\susghosh\\Documents\\ReactNative\\pokedex\\assets\\official-artwork\\23.png": {"path":"C:\\Users\\susghosh\\Documents\\ReactNative\\pokedex\\assets\\official-artwork\\23.png","statementMap":{"0":{"start":{"line":1,"column":0},"end":{"line":4,"column":6}}},"fnMap":{},"branchMap":{},"s":{"0":1},"f":{},"b":{},"_coverageSchema":"1a1c01bbd47fc00a2c39e90264f33305004495a9","hash":"f323373f93b4731edeb49c73a620c496872c2eb9"}
,"C:\\Users\\susghosh\\Documents\\ReactNative\\pokedex\\assets\\official-artwork\\230.png": {"path":"C:\\Users\\susghosh\\Documents\\ReactNative\\pokedex\\assets\\official-artwork\\230.png","statementMap":{"0":{"start":{"line":1,"column":0},"end":{"line":4,"column":6}}},"fnMap":{},"branchMap":{},"s":{"0":1},"f":{},"b":{},"_coverageSchema":"1a1c01bbd47fc00a2c39e90264f33305004495a9","hash":"bbb45bcd63263f383e0323eff555b86be5b689c4"}
,"C:\\Users\\susghosh\\Documents\\ReactNative\\pokedex\\assets\\official-artwork\\24.png": {"path":"C:\\Users\\susghosh\\Documents\\ReactNative\\pokedex\\assets\\official-artwork\\24.png","statementMap":{"0":{"start":{"line":1,"column":0},"end":{"line":4,"column":6}}},"fnMap":{},"branchMap":{},"s":{"0":1},"f":{},"b":{},"_coverageSchema":"1a1c01bbd47fc00a2c39e90264f33305004495a9","hash":"525700b611b174e89b62d1c7fa85bf0ca3969e16"}
,"C:\\Users\\susghosh\\Documents\\ReactNative\\pokedex\\assets\\official-artwork\\25.png": {"path":"C:\\Users\\susghosh\\Documents\\ReactNative\\pokedex\\assets\\official-artwork\\25.png","statementMap":{"0":{"start":{"line":1,"column":0},"end":{"line":4,"column":6}}},"fnMap":{},"branchMap":{},"s":{"0":1},"f":{},"b":{},"_coverageSchema":"1a1c01bbd47fc00a2c39e90264f33305004495a9","hash":"3dd35ee300e225fd94b6cff0373c7ef77045dc2e"}
,"C:\\Users\\susghosh\\Documents\\ReactNative\\pokedex\\assets\\official-artwork\\26.png": {"path":"C:\\Users\\susghosh\\Documents\\ReactNative\\pokedex\\assets\\official-artwork\\26.png","statementMap":{"0":{"start":{"line":1,"column":0},"end":{"line":4,"column":6}}},"fnMap":{},"branchMap":{},"s":{"0":1},"f":{},"b":{},"_coverageSchema":"1a1c01bbd47fc00a2c39e90264f33305004495a9","hash":"845ec4ef70bd6523cac650f3129f77f07d37e58f"}
,"C:\\Users\\susghosh\\Documents\\ReactNative\\pokedex\\assets\\official-artwork\\27.png": {"path":"C:\\Users\\susghosh\\Documents\\ReactNative\\pokedex\\assets\\official-artwork\\27.png","statementMap":{"0":{"start":{"line":1,"column":0},"end":{"line":4,"column":6}}},"fnMap":{},"branchMap":{},"s":{"0":1},"f":{},"b":{},"_coverageSchema":"1a1c01bbd47fc00a2c39e90264f33305004495a9","hash":"f36d55b980108e7d8c42d3f17ae66b061c3e59ca"}
,"C:\\Users\\susghosh\\Documents\\ReactNative\\pokedex\\assets\\official-artwork\\28.png": {"path":"C:\\Users\\susghosh\\Documents\\ReactNative\\pokedex\\assets\\official-artwork\\28.png","statementMap":{"0":{"start":{"line":1,"column":0},"end":{"line":4,"column":6}}},"fnMap":{},"branchMap":{},"s":{"0":1},"f":{},"b":{},"_coverageSchema":"1a1c01bbd47fc00a2c39e90264f33305004495a9","hash":"4ee2ebb19297088c4da3a789583d2c8c16ac6351"}
,"C:\\Users\\susghosh\\Documents\\ReactNative\\pokedex\\assets\\official-artwork\\29.png": {"path":"C:\\Users\\susghosh\\Documents\\ReactNative\\pokedex\\assets\\official-artwork\\29.png","statementMap":{"0":{"start":{"line":1,"column":0},"end":{"line":4,"column":6}}},"fnMap":{},"branchMap":{},"s":{"0":1},"f":{},"b":{},"_coverageSchema":"1a1c01bbd47fc00a2c39e90264f33305004495a9","hash":"04dad39d6fb4e4bc57d6503a519ed3d99920e182"}
,"C:\\Users\\susghosh\\Documents\\ReactNative\\pokedex\\assets\\official-artwork\\3.png": {"path":"C:\\Users\\susghosh\\Documents\\ReactNative\\pokedex\\assets\\official-artwork\\3.png","statementMap":{"0":{"start":{"line":1,"column":0},"end":{"line":4,"column":6}}},"fnMap":{},"branchMap":{},"s":{"0":1},"f":{},"b":{},"_coverageSchema":"1a1c01bbd47fc00a2c39e90264f33305004495a9","hash":"9acf0652fe9623eee71e976d5d66443bb561c30c"}
,"C:\\Users\\susghosh\\Documents\\ReactNative\\pokedex\\assets\\official-artwork\\30.png": {"path":"C:\\Users\\susghosh\\Documents\\ReactNative\\pokedex\\assets\\official-artwork\\30.png","statementMap":{"0":{"start":{"line":1,"column":0},"end":{"line":4,"column":6}}},"fnMap":{},"branchMap":{},"s":{"0":1},"f":{},"b":{},"_coverageSchema":"1a1c01bbd47fc00a2c39e90264f33305004495a9","hash":"3aec99819ea35f71e1bbc8d67f6968fec9d27451"}
,"C:\\Users\\susghosh\\Documents\\ReactNative\\pokedex\\assets\\official-artwork\\31.png": {"path":"C:\\Users\\susghosh\\Documents\\ReactNative\\pokedex\\assets\\official-artwork\\31.png","statementMap":{"0":{"start":{"line":1,"column":0},"end":{"line":4,"column":6}}},"fnMap":{},"branchMap":{},"s":{"0":1},"f":{},"b":{},"_coverageSchema":"1a1c01bbd47fc00a2c39e90264f33305004495a9","hash":"456c0cad62d73ad1030e7c4aa2191703b7438384"}
,"C:\\Users\\susghosh\\Documents\\ReactNative\\pokedex\\assets\\official-artwork\\32.png": {"path":"C:\\Users\\susghosh\\Documents\\ReactNative\\pokedex\\assets\\official-artwork\\32.png","statementMap":{"0":{"start":{"line":1,"column":0},"end":{"line":4,"column":6}}},"fnMap":{},"branchMap":{},"s":{"0":1},"f":{},"b":{},"_coverageSchema":"1a1c01bbd47fc00a2c39e90264f33305004495a9","hash":"68d86ebba3ed5d91cd6da86e5ad7a563066f8b7e"}
,"C:\\Users\\susghosh\\Documents\\ReactNative\\pokedex\\assets\\official-artwork\\33.png": {"path":"C:\\Users\\susghosh\\Documents\\ReactNative\\pokedex\\assets\\official-artwork\\33.png","statementMap":{"0":{"start":{"line":1,"column":0},"end":{"line":4,"column":6}}},"fnMap":{},"branchMap":{},"s":{"0":1},"f":{},"b":{},"_coverageSchema":"1a1c01bbd47fc00a2c39e90264f33305004495a9","hash":"5cffd89fd7657022b4805aa0e3cdc3d9f5d49d84"}
,"C:\\Users\\susghosh\\Documents\\ReactNative\\pokedex\\assets\\official-artwork\\34.png": {"path":"C:\\Users\\susghosh\\Documents\\ReactNative\\pokedex\\assets\\official-artwork\\34.png","statementMap":{"0":{"start":{"line":1,"column":0},"end":{"line":4,"column":6}}},"fnMap":{},"branchMap":{},"s":{"0":1},"f":{},"b":{},"_coverageSchema":"1a1c01bbd47fc00a2c39e90264f33305004495a9","hash":"e3b77ca88d9febdb4db09a1f36019497fbeea6a6"}
,"C:\\Users\\susghosh\\Documents\\ReactNative\\pokedex\\assets\\official-artwork\\35.png": {"path":"C:\\Users\\susghosh\\Documents\\ReactNative\\pokedex\\assets\\official-artwork\\35.png","statementMap":{"0":{"start":{"line":1,"column":0},"end":{"line":4,"column":6}}},"fnMap":{},"branchMap":{},"s":{"0":1},"f":{},"b":{},"_coverageSchema":"1a1c01bbd47fc00a2c39e90264f33305004495a9","hash":"e74ac4cf50a4e479328f8664674fbe13dc559ce1"}
,"C:\\Users\\susghosh\\Documents\\ReactNative\\pokedex\\assets\\official-artwork\\36.png": {"path":"C:\\Users\\susghosh\\Documents\\ReactNative\\pokedex\\assets\\official-artwork\\36.png","statementMap":{"0":{"start":{"line":1,"column":0},"end":{"line":4,"column":6}}},"fnMap":{},"branchMap":{},"s":{"0":1},"f":{},"b":{},"_coverageSchema":"1a1c01bbd47fc00a2c39e90264f33305004495a9","hash":"cbb346123cd2d4f13c5f76f01e9cd20e6ec23d73"}
,"C:\\Users\\susghosh\\Documents\\ReactNative\\pokedex\\assets\\official-artwork\\37.png": {"path":"C:\\Users\\susghosh\\Documents\\ReactNative\\pokedex\\assets\\official-artwork\\37.png","statementMap":{"0":{"start":{"line":1,"column":0},"end":{"line":4,"column":6}}},"fnMap":{},"branchMap":{},"s":{"0":1},"f":{},"b":{},"_coverageSchema":"1a1c01bbd47fc00a2c39e90264f33305004495a9","hash":"2ba5135e0f4be937834cd1be48c0e257ba98f886"}
,"C:\\Users\\susghosh\\Documents\\ReactNative\\pokedex\\assets\\official-artwork\\38.png": {"path":"C:\\Users\\susghosh\\Documents\\ReactNative\\pokedex\\assets\\official-artwork\\38.png","statementMap":{"0":{"start":{"line":1,"column":0},"end":{"line":4,"column":6}}},"fnMap":{},"branchMap":{},"s":{"0":1},"f":{},"b":{},"_coverageSchema":"1a1c01bbd47fc00a2c39e90264f33305004495a9","hash":"6ecf73369e7847f815b4ba53571b619566a3b664"}
,"C:\\Users\\susghosh\\Documents\\ReactNative\\pokedex\\assets\\official-artwork\\39.png": {"path":"C:\\Users\\susghosh\\Documents\\ReactNative\\pokedex\\assets\\official-artwork\\39.png","statementMap":{"0":{"start":{"line":1,"column":0},"end":{"line":4,"column":6}}},"fnMap":{},"branchMap":{},"s":{"0":1},"f":{},"b":{},"_coverageSchema":"1a1c01bbd47fc00a2c39e90264f33305004495a9","hash":"06db9e36203a7c21caed87d4f864082ef7463c8a"}
,"C:\\Users\\susghosh\\Documents\\ReactNative\\pokedex\\assets\\official-artwork\\4.png": {"path":"C:\\Users\\susghosh\\Documents\\ReactNative\\pokedex\\assets\\official-artwork\\4.png","statementMap":{"0":{"start":{"line":1,"column":0},"end":{"line":4,"column":6}}},"fnMap":{},"branchMap":{},"s":{"0":1},"f":{},"b":{},"_coverageSchema":"1a1c01bbd47fc00a2c39e90264f33305004495a9","hash":"4acf3d753cf5c874fb0d1f0be289bb11bd815321"}
,"C:\\Users\\susghosh\\Documents\\ReactNative\\pokedex\\assets\\official-artwork\\40.png": {"path":"C:\\Users\\susghosh\\Documents\\ReactNative\\pokedex\\assets\\official-artwork\\40.png","statementMap":{"0":{"start":{"line":1,"column":0},"end":{"line":4,"column":6}}},"fnMap":{},"branchMap":{},"s":{"0":1},"f":{},"b":{},"_coverageSchema":"1a1c01bbd47fc00a2c39e90264f33305004495a9","hash":"da53d06e0a2bca4e484a7ea8feecdba2d131d953"}
,"C:\\Users\\susghosh\\Documents\\ReactNative\\pokedex\\assets\\official-artwork\\41.png": {"path":"C:\\Users\\susghosh\\Documents\\ReactNative\\pokedex\\assets\\official-artwork\\41.png","statementMap":{"0":{"start":{"line":1,"column":0},"end":{"line":4,"column":6}}},"fnMap":{},"branchMap":{},"s":{"0":1},"f":{},"b":{},"_coverageSchema":"1a1c01bbd47fc00a2c39e90264f33305004495a9","hash":"334d2bee6ac702c27f2813833913e470d1f921b8"}
,"C:\\Users\\susghosh\\Documents\\ReactNative\\pokedex\\assets\\official-artwork\\42.png": {"path":"C:\\Users\\susghosh\\Documents\\ReactNative\\pokedex\\assets\\official-artwork\\42.png","statementMap":{"0":{"start":{"line":1,"column":0},"end":{"line":4,"column":6}}},"fnMap":{},"branchMap":{},"s":{"0":1},"f":{},"b":{},"_coverageSchema":"1a1c01bbd47fc00a2c39e90264f33305004495a9","hash":"e30852bab097acd16a12983821f13f26db8363b1"}
,"C:\\Users\\susghosh\\Documents\\ReactNative\\pokedex\\assets\\official-artwork\\43.png": {"path":"C:\\Users\\susghosh\\Documents\\ReactNative\\pokedex\\assets\\official-artwork\\43.png","statementMap":{"0":{"start":{"line":1,"column":0},"end":{"line":4,"column":6}}},"fnMap":{},"branchMap":{},"s":{"0":1},"f":{},"b":{},"_coverageSchema":"1a1c01bbd47fc00a2c39e90264f33305004495a9","hash":"c1887c2f470913e501f0f3808f2fed495b91daa7"}
,"C:\\Users\\susghosh\\Documents\\ReactNative\\pokedex\\assets\\official-artwork\\44.png": {"path":"C:\\Users\\susghosh\\Documents\\ReactNative\\pokedex\\assets\\official-artwork\\44.png","statementMap":{"0":{"start":{"line":1,"column":0},"end":{"line":4,"column":6}}},"fnMap":{},"branchMap":{},"s":{"0":1},"f":{},"b":{},"_coverageSchema":"1a1c01bbd47fc00a2c39e90264f33305004495a9","hash":"d67199d20a2944a2b2578b04567b1a1b6f3b8786"}
,"C:\\Users\\susghosh\\Documents\\ReactNative\\pokedex\\assets\\official-artwork\\45.png": {"path":"C:\\Users\\susghosh\\Documents\\ReactNative\\pokedex\\assets\\official-artwork\\45.png","statementMap":{"0":{"start":{"line":1,"column":0},"end":{"line":4,"column":6}}},"fnMap":{},"branchMap":{},"s":{"0":1},"f":{},"b":{},"_coverageSchema":"1a1c01bbd47fc00a2c39e90264f33305004495a9","hash":"bf3a99c9d4ba4485cb611dc60ed27355dec2efb8"}
,"C:\\Users\\susghosh\\Documents\\ReactNative\\pokedex\\assets\\official-artwork\\46.png": {"path":"C:\\Users\\susghosh\\Documents\\ReactNative\\pokedex\\assets\\official-artwork\\46.png","statementMap":{"0":{"start":{"line":1,"column":0},"end":{"line":4,"column":6}}},"fnMap":{},"branchMap":{},"s":{"0":1},"f":{},"b":{},"_coverageSchema":"1a1c01bbd47fc00a2c39e90264f33305004495a9","hash":"2cad39efa05098e5fb5c1f9c581b1e4d4cedbfd7"}
,"C:\\Users\\susghosh\\Documents\\ReactNative\\pokedex\\assets\\official-artwork\\47.png": {"path":"C:\\Users\\susghosh\\Documents\\ReactNative\\pokedex\\assets\\official-artwork\\47.png","statementMap":{"0":{"start":{"line":1,"column":0},"end":{"line":4,"column":6}}},"fnMap":{},"branchMap":{},"s":{"0":1},"f":{},"b":{},"_coverageSchema":"1a1c01bbd47fc00a2c39e90264f33305004495a9","hash":"d4ab382a41fea7eaffe9758cd6ee795c1aff0289"}
,"C:\\Users\\susghosh\\Documents\\ReactNative\\pokedex\\assets\\official-artwork\\48.png": {"path":"C:\\Users\\susghosh\\Documents\\ReactNative\\pokedex\\assets\\official-artwork\\48.png","statementMap":{"0":{"start":{"line":1,"column":0},"end":{"line":4,"column":6}}},"fnMap":{},"branchMap":{},"s":{"0":1},"f":{},"b":{},"_coverageSchema":"1a1c01bbd47fc00a2c39e90264f33305004495a9","hash":"d668e9fd0030714cee57dbeca2c290661a2817ba"}
,"C:\\Users\\susghosh\\Documents\\ReactNative\\pokedex\\assets\\official-artwork\\49.png": {"path":"C:\\Users\\susghosh\\Documents\\ReactNative\\pokedex\\assets\\official-artwork\\49.png","statementMap":{"0":{"start":{"line":1,"column":0},"end":{"line":4,"column":6}}},"fnMap":{},"branchMap":{},"s":{"0":1},"f":{},"b":{},"_coverageSchema":"1a1c01bbd47fc00a2c39e90264f33305004495a9","hash":"0e5092f8a8a666709c72f3d0c0a36888f0df1e43"}
,"C:\\Users\\susghosh\\Documents\\ReactNative\\pokedex\\assets\\official-artwork\\5.png": {"path":"C:\\Users\\susghosh\\Documents\\ReactNative\\pokedex\\assets\\official-artwork\\5.png","statementMap":{"0":{"start":{"line":1,"column":0},"end":{"line":4,"column":6}}},"fnMap":{},"branchMap":{},"s":{"0":1},"f":{},"b":{},"_coverageSchema":"1a1c01bbd47fc00a2c39e90264f33305004495a9","hash":"083b49fe703b09efdfa8ccbbef36231ad020b44f"}
,"C:\\Users\\susghosh\\Documents\\ReactNative\\pokedex\\assets\\official-artwork\\50.png": {"path":"C:\\Users\\susghosh\\Documents\\ReactNative\\pokedex\\assets\\official-artwork\\50.png","statementMap":{"0":{"start":{"line":1,"column":0},"end":{"line":4,"column":6}}},"fnMap":{},"branchMap":{},"s":{"0":1},"f":{},"b":{},"_coverageSchema":"1a1c01bbd47fc00a2c39e90264f33305004495a9","hash":"cfa19321a4736cb16aca5327be05543ef8403d55"}
,"C:\\Users\\susghosh\\Documents\\ReactNative\\pokedex\\assets\\official-artwork\\51.png": {"path":"C:\\Users\\susghosh\\Documents\\ReactNative\\pokedex\\assets\\official-artwork\\51.png","statementMap":{"0":{"start":{"line":1,"column":0},"end":{"line":4,"column":6}}},"fnMap":{},"branchMap":{},"s":{"0":1},"f":{},"b":{},"_coverageSchema":"1a1c01bbd47fc00a2c39e90264f33305004495a9","hash":"5de9465ffd2fcc3edf3bd2d6f22c96e78b6f0b67"}
,"C:\\Users\\susghosh\\Documents\\ReactNative\\pokedex\\assets\\official-artwork\\52.png": {"path":"C:\\Users\\susghosh\\Documents\\ReactNative\\pokedex\\assets\\official-artwork\\52.png","statementMap":{"0":{"start":{"line":1,"column":0},"end":{"line":4,"column":6}}},"fnMap":{},"branchMap":{},"s":{"0":1},"f":{},"b":{},"_coverageSchema":"1a1c01bbd47fc00a2c39e90264f33305004495a9","hash":"51616c2f979b2255c9a84f8d9ecb58da77ca6865"}
,"C:\\Users\\susghosh\\Documents\\ReactNative\\pokedex\\assets\\official-artwork\\53.png": {"path":"C:\\Users\\susghosh\\Documents\\ReactNative\\pokedex\\assets\\official-artwork\\53.png","statementMap":{"0":{"start":{"line":1,"column":0},"end":{"line":4,"column":6}}},"fnMap":{},"branchMap":{},"s":{"0":1},"f":{},"b":{},"_coverageSchema":"1a1c01bbd47fc00a2c39e90264f33305004495a9","hash":"2cea6baa97cfd106017fa3c8d14f0a814203b7c4"}
,"C:\\Users\\susghosh\\Documents\\ReactNative\\pokedex\\assets\\official-artwork\\54.png": {"path":"C:\\Users\\susghosh\\Documents\\ReactNative\\pokedex\\assets\\official-artwork\\54.png","statementMap":{"0":{"start":{"line":1,"column":0},"end":{"line":4,"column":6}}},"fnMap":{},"branchMap":{},"s":{"0":1},"f":{},"b":{},"_coverageSchema":"1a1c01bbd47fc00a2c39e90264f33305004495a9","hash":"4de89a3ef322952d295344862eefafc5415910bf"}
,"C:\\Users\\susghosh\\Documents\\ReactNative\\pokedex\\assets\\official-artwork\\55.png": {"path":"C:\\Users\\susghosh\\Documents\\ReactNative\\pokedex\\assets\\official-artwork\\55.png","statementMap":{"0":{"start":{"line":1,"column":0},"end":{"line":4,"column":6}}},"fnMap":{},"branchMap":{},"s":{"0":1},"f":{},"b":{},"_coverageSchema":"1a1c01bbd47fc00a2c39e90264f33305004495a9","hash":"7500767fe7d623acd98b5284f711a92d6f215ca9"}
,"C:\\Users\\susghosh\\Documents\\ReactNative\\pokedex\\assets\\official-artwork\\56.png": {"path":"C:\\Users\\susghosh\\Documents\\ReactNative\\pokedex\\assets\\official-artwork\\56.png","statementMap":{"0":{"start":{"line":1,"column":0},"end":{"line":4,"column":6}}},"fnMap":{},"branchMap":{},"s":{"0":1},"f":{},"b":{},"_coverageSchema":"1a1c01bbd47fc00a2c39e90264f33305004495a9","hash":"62374231263e32c754bbee62cd39aa65cc623a90"}
,"C:\\Users\\susghosh\\Documents\\ReactNative\\pokedex\\assets\\official-artwork\\57.png": {"path":"C:\\Users\\susghosh\\Documents\\ReactNative\\pokedex\\assets\\official-artwork\\57.png","statementMap":{"0":{"start":{"line":1,"column":0},"end":{"line":4,"column":6}}},"fnMap":{},"branchMap":{},"s":{"0":1},"f":{},"b":{},"_coverageSchema":"1a1c01bbd47fc00a2c39e90264f33305004495a9","hash":"1c52ee4dad11f07b820e6d37f57313eed7167bdc"}
,"C:\\Users\\susghosh\\Documents\\ReactNative\\pokedex\\assets\\official-artwork\\58.png": {"path":"C:\\Users\\susghosh\\Documents\\ReactNative\\pokedex\\assets\\official-artwork\\58.png","statementMap":{"0":{"start":{"line":1,"column":0},"end":{"line":4,"column":6}}},"fnMap":{},"branchMap":{},"s":{"0":1},"f":{},"b":{},"_coverageSchema":"1a1c01bbd47fc00a2c39e90264f33305004495a9","hash":"352f4cddc342b488bf1d167516837dfc1ce1fa6b"}
[...]
e":34,"column":4},"end":{"line":38,"column":5}},"7":{"start":{"line":35,"column":6},"end":{"line":35,"column":33}},"8":{"start":{"line":36,"column":6},"end":{"line":36,"column":26}},"9":{"start":{"line":37,"column":6},"end":{"line":37,"column":13}},"10":{"start":{"line":39,"column":4},"end":{"line":42,"column":7}},"11":{"start":{"line":40,"column":19},"end":{"line":40,"column":55}},"12":{"start":{"line":41,"column":6},"end":{"line":41,"column":70}},"13":{"start":{"line":41,"column":38},"end":{"line":41,"column":68}},"14":{"start":{"line":44,"column":4},"end":{"line":44,"column":24}},"15":{"start":{"line":47,"column":24},"end":{"line":49,"column":3}},"16":{"start":{"line":48,"column":4},"end":{"line":48,"column":33}},"17":{"start":{"line":51,"column":25},"end":{"line":59,"column":3}},"18":{"start":{"line":52,"column":15},"end":{"line":57,"column":6}},"19":{"start":{"line":53,"column":6},"end":{"line":55,"column":7}},"20":{"start":{"line":54,"column":8},"end":{"line":54,"column":55}},"21":{"start":{"line":56,"column":6},"end":{"line":56,"column":18}},"22":{"start":{"line":58,"column":4},"end":{"line":58,"column":25}},"23":{"start":{"line":61,"column":2},"end":{"line":100,"column":4}},"24":{"start":{"line":70,"column":36},"end":{"line":70,"column":45}},"25":{"start":{"line":72,"column":14},"end":{"line":72,"column":70}},"26":{"start":{"line":80,"column":47},"end":{"line":80,"column":66}},"27":{"start":{"line":86,"column":47},"end":{"line":86,"column":62}},"28":{"start":{"line":92,"column":47},"end":{"line":92,"column":71}},"29":{"start":{"line":103,"column":15},"end":{"line":186,"column":2}}},"fnMap":{"0":{"name":"(anonymous_0)","decl":{"start":{"line":14,"column":20},"end":{"line":14,"column":21}},"loc":{"start":{"line":19,"column":6},"end":{"line":101,"column":1}},"line":19},"1":{"name":"(anonymous_1)","decl":{"start":{"line":23,"column":33},"end":{"line":23,"column":34}},"loc":{"start":{"line":23,"column":45},"end":{"line":45,"column":3}},"line":23},"2":{"name":"(anonymous_2)","decl":{"start":{"line":29,"column":6},"end":{"line":29,"column":7}},"loc":{"start":{"line":29,"column":23},"end":{"line":29,"column":46}},"line":29},"3":{"name":"(anonymous_3)","decl":{"start":{"line":39,"column":24},"end":{"line":39,"column":25}},"loc":{"start":{"line":39,"column":40},"end":{"line":42,"column":5}},"line":39},"4":{"name":"(anonymous_4)","decl":{"start":{"line":41,"column":24},"end":{"line":41,"column":25}},"loc":{"start":{"line":41,"column":38},"end":{"line":41,"column":68}},"line":41},"5":{"name":"(anonymous_5)","decl":{"start":{"line":47,"column":24},"end":{"line":47,"column":25}},"loc":{"start":{"line":47,"column":30},"end":{"line":49,"column":3}},"line":47},"6":{"name":"(anonymous_6)","decl":{"start":{"line":51,"column":25},"end":{"line":51,"column":26}},"loc":{"start":{"line":51,"column":35},"end":{"line":59,"column":3}},"line":51},"7":{"name":"(anonymous_7)","decl":{"start":{"line":52,"column":31},"end":{"line":52,"column":32}},"loc":{"start":{"line":52,"column":41},"end":{"line":57,"column":5}},"line":52},"8":{"name":"(anonymous_8)","decl":{"start":{"line":70,"column":26},"end":{"line":70,"column":27}},"loc":{"start":{"line":70,"column":36},"end":{"line":70,"column":45}},"line":70},"9":{"name":"(anonymous_9)","decl":{"start":{"line":71,"column":24},"end":{"line":71,"column":25}},"loc":{"start":{"line":72,"column":14},"end":{"line":72,"column":70}},"line":72},"10":{"name":"(anonymous_10)","decl":{"start":{"line":80,"column":41},"end":{"line":80,"column":42}},"loc":{"start":{"line":80,"column":47},"end":{"line":80,"column":66}},"line":80},"11":{"name":"(anonymous_11)","decl":{"start":{"line":86,"column":41},"end":{"line":86,"column":42}},"loc":{"start":{"line":86,"column":47},"end":{"line":86,"column":62}},"line":86},"12":{"name":"(anonymous_12)","decl":{"start":{"line":92,"column":41},"end":{"line":92,"column":42}},"loc":{"start":{"line":92,"column":47},"end":{"line":92,"column":71}},"line":92}},"branchMap":{"0":{"loc":{"start":{"line":34,"column":4},"end":{"line":38,"column":5}},"type":"if","locations":[{"start":{"line":34,"column":4},"end":{"line":38,"column":5}},{"start":{},"end":{}}],"line":34},"1":{"loc":{"start":{"line":53,"column":6},"end":{"line":55,"column":7}},"type":"if","locations":[{"start":{"line":53,"column":6},"end":{"line":55,"column":7}},{"start":{},"end":{}}],"line":53}},"s":{"0":1,"1":2,"2":2,"3":0,"4":0,"5":0,"6":0,"7":0,"8":0,"9":0,"10":0,"11":0,"12":0,"13":0,"14":0,"15":2,"16":0,"17":2,"18":0,"19":0,"20":0,"21":0,"22":0,"23":2,"24":20,"25":20,"26":0,"27":0,"28":0,"29":1},"f":{"0":2,"1":0,"2":0,"3":0,"4":0,"5":0,"6":0,"7":0,"8":20,"9":20,"10":0,"11":0,"12":0},"b":{"0":[0,0],"1":[0,0]},"_coverageSchema":"1a1c01bbd47fc00a2c39e90264f33305004495a9","hash":"6c80dac9d55d334c08eeb5ec3231bee520207933"}
,"C:\\Users\\susghosh\\Documents\\ReactNative\\pokedex\\src\\components\\atoms\\Weakness\\Weakness.js": {"path":"C:\\Users\\susghosh\\Documents\\ReactNative\\pokedex\\src\\components\\atoms\\Weakness\\Weakness.js","statementMap":{"0":{"start":{"line":9,"column":18},"end":{"line":9,"column":70}},"1":{"start":{"line":9,"column":41},"end":{"line":9,"column":69}},"2":{"start":{"line":10,"column":40},"end":{"line":10,"column":50}},"3":{"start":{"line":13,"column":27},"end":{"line":16,"column":3}},"4":{"start":{"line":14,"column":16},"end":{"line":14,"column":46}},"5":{"start":{"line":15,"column":4},"end":{"line":15,"column":24}},"6":{"start":{"line":18,"column":2},"end":{"line":24,"column":35}},"7":{"start":{"line":19,"column":4},"end":{"line":23,"column":9}},"8":{"start":{"line":20,"column":6},"end":{"line":22,"column":8}},"9":{"start":{"line":26,"column":2},"end":{"line":26,"column":27}},"10":{"start":{"line":26,"column":20},"end":{"line":26,"column":27}},"11":{"start":{"line":28,"column":2},"end":{"line":47,"column":4}},"12":{"start":{"line":50,"column":15},"end":{"line":61,"column":2}}},"fnMap":{"0":{"name":"Weakness","decl":{"start":{"line":8,"column":9},"end":{"line":8,"column":17}},"loc":{"start":{"line":8,"column":20},"end":{"line":48,"column":1}},"line":8},"1":{"name":"(anonymous_1)","decl":{"start":{"line":9,"column":30},"end":{"line":9,"column":31}},"loc":{"start":{"line":9,"column":41},"end":{"line":9,"column":69}},"line":9},"2":{"name":"(anonymous_2)","decl":{"start":{"line":13,"column":27},"end":{"line":13,"column":28}},"loc":{"start":{"line":13,"column":43},"end":{"line":16,"column":3}},"line":13},"3":{"name":"(anonymous_3)","decl":{"start":{"line":18,"column":12},"end":{"line":18,"column":13}},"loc":{"start":{"line":18,"column":18},"end":{"line":24,"column":3}},"line":18},"4":{"name":"(anonymous_4)","decl":{"start":{"line":19,"column":5},"end":{"line":19,"column":6}},"loc":{"start":{"line":19,"column":17},"end":{"line":23,"column":5}},"line":19}},"branchMap":{"0":{"loc":{"start":{"line":21,"column":8},"end":{"line":21,"column":71}},"type":"cond-expr","locations":[{"start":{"line":21,"column":37},"end":{"line":21,"column":63}},{"start":{"line":21,"column":66},"end":{"line":21,"column":71}}],"line":21},"1":{"loc":{"start":{"line":26,"column":2},"end":{"line":26,"column":27}},"type":"if","locations":[{"start":{"line":26,"column":2},"end":{"line":26,"column":27}},{"start":{},"end":{}}],"line":26}},"s":{"0":0,"1":0,"2":0,"3":0,"4":0,"5":0,"6":0,"7":0,"8":0,"9":0,"10":0,"11":0,"12":1},"f":{"0":0,"1":0,"2":0,"3":0,"4":0},"b":{"0":[0,0],"1":[0,0]},"_coverageSchema":"1a1c01bbd47fc00a2c39e90264f33305004495a9","hash":"922fa268088ff92640247043180530863f248ed5"}
,"C:\\Users\\susghosh\\Documents\\ReactNative\\pokedex\\src\\components\\molecules\\LoadPokemonList\\LoadPokemonList.js": {"path":"C:\\Users\\susghosh\\Documents\\ReactNative\\pokedex\\src\\components\\molecules\\LoadPokemonList\\LoadPokemonList.js","statementMap":{"0":{"start":{"line":11,"column":24},"end":{"line":65,"column":1}},"1":{"start":{"line":18,"column":2},"end":{"line":64,"column":4}},"2":{"start":{"line":25,"column":34},"end":{"line":25,"column":43}},"3":{"start":{"line":26,"column":36},"end":{"line":26,"column":66}},"4":{"start":{"line":30,"column":12},"end":{"line":36,"column":20}},"5":{"start":{"line":48,"column":34},"end":{"line":48,"column":51}},"6":{"start":{"line":49,"column":36},"end":{"line":49,"column":74}},"7":{"start":{"line":67,"column":15},"end":{"line":117,"column":2}}},"fnMap":{"0":{"name":"(anonymous_0)","decl":{"start":{"line":11,"column":24},"end":{"line":11,"column":25}},"loc":{"start":{"line":17,"column":6},"end":{"line":65,"column":1}},"line":17},"1":{"name":"(anonymous_1)","decl":{"start":{"line":25,"column":24},"end":{"line":25,"column":25}},"loc":{"start":{"line":25,"column":34},"end":{"line":25,"column":43}},"line":25},"2":{"name":"(anonymous_2)","decl":{"start":{"line":26,"column":22},"end":{"line":26,"column":23}},"loc":{"start":{"line":26,"column":36},"end":{"line":26,"column":66}},"line":26},"3":{"name":"(anonymous_3)","decl":{"start":{"line":29,"column":31},"end":{"line":29,"column":32}},"loc":{"start":{"line":30,"column":12},"end":{"line":36,"column":20}},"line":30},"4":{"name":"(anonymous_4)","decl":{"start":{"line":48,"column":24},"end":{"line":48,"column":25}},"loc":{"start":{"line":48,"column":34},"end":{"line":48,"column":51}},"line":48},"5":{"name":"(anonymous_5)","decl":{"start":{"line":49,"column":22},"end":{"line":49,"column":23}},"loc":{"start":{"line":49,"column":36},"end":{"line":49,"column":74}},"line":49}},"branchMap":{"0":{"loc":{"start":{"line":21,"column":7},"end":{"line":40,"column":7}},"type":"binary-expr","locations":[{"start":{"line":21,"column":7},"end":{"line":21,"column":28}},{"start":{"line":21,"column":32},"end":{"line":21,"column":58}},{"start":{"line":22,"column":8},"end":{"line":39,"column":10}}],"line":21},"1":{"loc":{"start":{"line":30,"column":12},"end":{"line":36,"column":20}},"type":"cond-expr","locations":[{"start":{"line":31,"column":14},"end":{"line":35,"column":16}},{"start":{"line":36,"column":16},"end":{"line":36,"column":20}}],"line":30},"2":{"loc":{"start":{"line":44,"column":7},"end":{"line":52,"column":7}},"type":"binary-expr","locations":[{"start":{"line":44,"column":7},"end":{"line":44,"column":23}},{"start":{"line":45,"column":8},"end":{"line":51,"column":10}}],"line":44},"3":{"loc":{"start":{"line":56,"column":7},"end":{"line":62,"column":7}},"type":"binary-expr","locations":[{"start":{"line":56,"column":7},"end":{"line":56,"column":30}},{"start":{"line":56,"column":34},"end":{"line":56,"column":60}},{"start":{"line":57,"column":8},"end":{"line":61,"column":15}}],"line":56}},"s":{"0":1,"1":1,"2":0,"3":0,"4":0,"5":0,"6":0,"7":1},"f":{"0":1,"1":0,"2":0,"3":0,"4":0,"5":0},"b":{"0":[1,0,0],"1":[0,0],"2":[1,0],"3":[1,1,1]},"_coverageSchema":"1a1c01bbd47fc00a2c39e90264f33305004495a9","hash":"fc1f4419617b50e822567c20e8a26d4a868324e2"}
,"C:\\Users\\susghosh\\Documents\\ReactNative\\pokedex\\src\\components\\molecules\\PokemonCard\\PokemonCard.js": {"path":"C:\\Users\\susghosh\\Documents\\ReactNative\\pokedex\\src\\components\\molecules\\PokemonCard\\PokemonCard.js","statementMap":{"0":{"start":{"line":17,"column":20},"end":{"line":65,"column":1}},"1":{"start":{"line":18,"column":32},"end":{"line":18,"column":42}},"2":{"start":{"line":19,"column":21},"end":{"line":19,"column":36}},"3":{"start":{"line":21,"column":23},"end":{"line":24,"column":3}},"4":{"start":{"line":22,"column":16},"end":{"line":22,"column":41}},"5":{"start":{"line":23,"column":4},"end":{"line":23,"column":20}},"6":{"start":{"line":26,"column":2},"end":{"line":30,"column":9}},"7":{"start":{"line":27,"column":4},"end":{"line":29,"column":9}},"8":{"start":{"line":28,"column":6},"end":{"line":28,"column":27}},"9":{"start":{"line":32,"column":2},"end":{"line":32,"column":23}},"10":{"start":{"line":32,"column":16},"end":{"line":32,"column":23}},"11":{"start":{"line":34,"column":23},"end":{"line":34,"column":72}},"12":{"start":{"line":35,"column":19},"end":{"line":35,"column":72}},"13":{"start":{"line":37,"column":35},"end":{"line":42,"column":3}},"14":{"start":{"line":38,"column":4},"end":{"line":41,"column":7}},"15":{"start":{"line":48,"column":4},"end":{"line":50,"column":23}},"16":{"start":{"line":52,"column":2},"end":{"line":64,"column":4}},"17":{"start":{"line":67,"column":15},"end":{"line":88,"column":2}}},"fnMap":{"0":{"name":"(anonymous_0)","decl":{"start":{"line":17,"column":20},"end":{"line":17,"column":21}},"loc":{"start":{"line":17,"column":33},"end":{"line":65,"column":1}},"line":17},"1":{"name":"(anonymous_1)","decl":{"start":{"line":21,"column":23},"end":{"line":21,"column":24}},"loc":{"start":{"line":21,"column":35},"end":{"line":24,"column":3}},"line":21},"2":{"name":"(anonymous_2)","decl":{"start":{"line":26,"column":12},"end":{"line":26,"column":13}},"loc":{"start":{"line":26,"column":18},"end":{"line":30,"column":3}},"line":26},"3":{"name":"(anonymous_3)","decl":{"start":{"line":27,"column":5},"end":{"line":27,"column":6}},"loc":{"start":{"line":27,"column":17},"end":{"line":29,"column":5}},"line":27},"4":{"name":"(anonymous_4)","decl":{"start":{"line":37,"column":35},"end":{"line":37,"column":36}},"loc":{"start":{"line":37,"column":41},"end":{"line":42,"column":3}},"line":37}},"branchMap":{"0":{"loc":{"start":{"line":32,"column":2},"end":{"line":32,"column":23}},"type":"if","locations":[{"start":{"line":32,"column":2},"end":{"line":32,"column":23}},{"start":{},"end":{}}],"line":32},"1":{"loc":{"start":{"line":48,"column":4},"end":{"line":50,"column":23}},"type":"cond-expr","locations":[{"start":{"line":49,"column":8},"end":{"line":49,"column":32}},{"start":{"line":50,"column":8},"end":{"line":50,"column":23}}],"line":48}},"s":{"0":1,"1":0,"2":0,"3":0,"4":0,"5":0,"6":0,"7":0,"8":0,"9":0,"10":0,"11":0,"12":0,"13":0,"14":0,"15":0,"16":0,"17":1},"f":{"0":0,"1":0,"2":0,"3":0,"4":0},"b":{"0":[0,0],"1":[0,0]},"_coverageSchema":"1a1c01bbd47fc00a2c39e90264f33305004495a9","hash":"94416b0122fc5c7e5dd0601ad4b734537d9b4766"}
,"C:\\Users\\susghosh\\Documents\\ReactNative\\pokedex\\src\\components\\organisms\\PokemonDetailsStats\\PokemonDetailsStats.js": {"path":"C:\\Users\\susghosh\\Documents\\ReactNative\\pokedex\\src\\components\\organisms\\PokemonDetailsStats\\PokemonDetailsStats.js","statementMap":{"0":{"start":{"line":8,"column":28},"end":{"line":52,"column":1}},"1":{"start":{"line":9,"column":25},"end":{"line":9,"column":77}},"2":{"start":{"line":9,"column":48},"end":{"line":9,"column":76}},"3":{"start":{"line":10,"column":20},"end":{"line":10,"column":34}},"4":{"start":{"line":12,"column":16},"end":{"line":12,"column":45}},"5":{"start":{"line":13,"column":18},"end":{"line":13,"column":65}},"6":{"start":{"line":15,"column":2},"end":{"line":51,"column":4}},"7":{"start":{"line":19,"column":8},"end":{"line":48,"column":15}},"8":{"start":{"line":54,"column":15},"end":{"line":98,"column":2}}},"fnMap":{"0":{"name":"(anonymous_0)","decl":{"start":{"line":8,"column":28},"end":{"line":8,"column":29}},"loc":{"start":{"line":8,"column":34},"end":{"line":52,"column":1}},"line":8},"1":{"name":"(anonymous_1)","decl":{"start":{"line":9,"column":37},"end":{"line":9,"column":38}},"loc":{"start":{"line":9,"column":48},"end":{"line":9,"column":76}},"line":9},"2":{"name":"(anonymous_2)","decl":{"start":{"line":18,"column":17},"end":{"line":18,"column":18}},"loc":{"start":{"line":19,"column":8},"end":{"line":48,"column":15}},"line":19}},"branchMap":{},"s":{"0":1,"1":1,"2":1,"3":1,"4":1,"5":1,"6":1,"7":1,"8":1},"f":{"0":1,"1":1,"2":1},"b":{},"_coverageSchema":"1a1c01bbd47fc00a2c39e90264f33305004495a9","hash":"84e3ac800edc9570846fea645fd76a31272e37ca"}
,"C:\\Users\\susghosh\\Documents\\ReactNative\\pokedex\\src\\data\\images.js": {"path":"C:\\Users\\susghosh\\Documents\\ReactNative\\pokedex\\src\\data\\images.js","statementMap":{"0":{"start":{"line":1,"column":22},"end":{"line":401,"column":1}}},"fnMap":{},"branchMap":{},"s":{"0":1},"f":{},"b":{},"_coverageSchema":"1a1c01bbd47fc00a2c39e90264f33305004495a9","hash":"2ab61964cea011e965a33c6af43761e6082aae7b"}
,"C:\\Users\\susghosh\\Documents\\ReactNative\\pokedex\\src\\redux\\pokemonSlice.js": {"path":"C:\\Users\\susghosh\\Documents\\ReactNative\\pokedex\\src\\redux\\pokemonSlice.js","statementMap":{"0":{"start":{"line":3,"column":21},"end":{"line":23,"column":2}},"1":{"start":{"line":13,"column":6},"end":{"line":13,"column":37}},"2":{"start":{"line":16,"column":6},"end":{"line":16,"column":42}},"3":{"start":{"line":20,"column":6},"end":{"line":20,"column":44}},"4":{"start":{"line":26,"column":2},"end":{"line":26,"column":22}}},"fnMap":{"0":{"name":"(anonymous_0)","decl":{"start":{"line":12,"column":4},"end":{"line":12,"column":5}},"loc":{"start":{"line":12,"column":31},"end":{"line":14,"column":5}},"line":12},"1":{"name":"(anonymous_1)","decl":{"start":{"line":15,"column":4},"end":{"line":15,"column":5}},"loc":{"start":{"line":15,"column":35},"end":{"line":17,"column":5}},"line":15},"2":{"name":"(anonymous_2)","decl":{"start":{"line":19,"column":4},"end":{"line":19,"column":5}},"loc":{"start":{"line":19,"column":37},"end":{"line":21,"column":5}},"line":19}},"branchMap":{},"s":{"0":2,"1":0,"2":0,"3":0,"4":2},"f":{"0":0,"1":0,"2":0},"b":{},"_coverageSchema":"1a1c01bbd47fc00a2c39e90264f33305004495a9","hash":"cd865e5f2c73a43fff1348c9b4431b32bcc1b89c"}
,"C:\\Users\\susghosh\\Documents\\ReactNative\\pokedex\\src\\utils\\constants.js": {"path":"C:\\Users\\susghosh\\Documents\\ReactNative\\pokedex\\src\\utils\\constants.js","statementMap":{"0":{"start":{"line":1,"column":24},"end":{"line":1,"column":51}},"1":{"start":{"line":3,"column":35},"end":{"line":27,"column":1}},"2":{"start":{"line":29,"column":28},"end":{"line":130,"column":1}},"3":{"start":{"line":132,"column":31},"end":{"line":145,"column":1}}},"fnMap":{},"branchMap":{},"s":{"0":5,"1":5,"2":5,"3":5},"f":{},"b":{},"_coverageSchema":"1a1c01bbd47fc00a2c39e90264f33305004495a9","hash":"f8e0b4105fcc246705a105315de61f577a84589b"}
,"C:\\Users\\susghosh\\Documents\\ReactNative\\pokedex\\src\\utils\\getColorByPokemonType.js": {"path":"C:\\Users\\susghosh\\Documents\\ReactNative\\pokedex\\src\\utils\\getColorByPokemonType.js","statementMap":{"0":{"start":{"line":3,"column":30},"end":{"line":3,"column":79}},"1":{"start":{"line":3,"column":40},"end":{"line":3,"column":79}}},"fnMap":{"0":{"name":"(anonymous_0)","decl":{"start":{"line":3,"column":30},"end":{"line":3,"column":31}},"loc":{"start":{"line":3,"column":40},"end":{"line":3,"column":79}},"line":3}},"branchMap":{},"s":{"0":4,"1":2},"f":{"0":2},"b":{},"_coverageSchema":"1a1c01bbd47fc00a2c39e90264f33305004495a9","hash":"bef0ad224dafef4d5780600482c3ed6406d5c934"}
,"C:\\Users\\susghosh\\Documents\\ReactNative\\pokedex\\src\\utils\\utils-for-test.js": {"path":"C:\\Users\\susghosh\\Documents\\ReactNative\\pokedex\\src\\utils\\utils-for-test.js","statementMap":{"0":{"start":{"line":21,"column":4},"end":{"line":21,"column":57}},"1":{"start":{"line":24,"column":2},"end":{"line":24,"column":74}}},"fnMap":{"0":{"name":"renderWithProviders","decl":{"start":{"line":8,"column":16},"end":{"line":8,"column":35}},"loc":{"start":{"line":19,"column":2},"end":{"line":25,"column":1}},"line":19},"1":{"name":"Wrapper","decl":{"start":{"line":20,"column":11},"end":{"line":20,"column":18}},"loc":{"start":{"line":20,"column":33},"end":{"line":22,"column":3}},"line":20}},"branchMap":{"0":{"loc":{"start":{"line":10,"column":2},"end":{"line":18,"column":8}},"type":"default-arg","locations":[{"start":{"line":18,"column":6},"end":{"line":18,"column":8}}],"line":10},"1":{"loc":{"start":{"line":11,"column":4},"end":{"line":11,"column":23}},"type":"default-arg","locations":[{"start":{"line":11,"column":21},"end":{"line":11,"column":23}}],"line":11},"2":{"loc":{"start":{"line":13,"column":4},"end":{"line":16,"column":6}},"type":"default-arg","locations":[{"start":{"line":13,"column":12},"end":{"line":16,"column":6}}],"line":13}},"s":{"0":1,"1":1},"f":{"0":1,"1":1},"b":{"0":[0],"1":[0],"2":[1]},"_coverageSchema":"1a1c01bbd47fc00a2c39e90264f33305004495a9","hash":"9044e95484bb08700a63b9433e6098501f342002"}
}
