TN:
SF:src\components\atoms\Box.js
FN:6,Box
FN:11,(anonymous_1)
FN:28,(anonymous_2)
FN:44,(anonymous_3)
FNF:4
FNH:2
FNDA:1,Box
FNDA:0,(anonymous_1)
FNDA:1,(anonymous_2)
FNDA:0,(anonymous_3)
DA:7,1
DA:9,1
DA:11,1
DA:12,0
DA:13,0
DA:14,0
DA:16,0
DA:25,1
DA:29,1
DA:44,0
DA:61,1
LF:11
LH:6
BRDA:14,0,0,0
BRDA:14,0,1,0
BRDA:27,1,0,1
BRDA:27,1,1,1
BRDA:34,2,0,1
BRDA:34,2,1,0
BRDA:38,3,0,0
BRDA:38,3,1,1
BRDA:47,4,0,0
BRDA:47,4,1,0
BRDA:52,5,0,1
BRDA:52,5,1,0
BRF:12
BRH:5
end_of_record
TN:
SF:src\utils\constants.js
FNF:0
FNH:0
DA:1,1
DA:3,1
DA:29,1
LF:3
LH:3
BRF:0
BRH:0
end_of_record
TN:
SF:src\utils\getColorByPokemonType.js
FN:3,(anonymous_0)
FNF:1
FNH:1
FNDA:1,(anonymous_0)
DA:3,1
LF:1
LH:1
BRF:0
BRH:0
end_of_record
